ubuntu@ip-172-31-25-109:~/documents/info7250/src$ hadoop jar stock.jar StockMR nyse/all/input nyse/all/output
2018-02-20 18:26:38,172 INFO beanutils.FluentPropertyBeanIntrospector: Error when creating PropertyDescriptor for public final void org.apache.commons.configuration2.AbstractConfiguration.setProperty(java.lang.String,java.lang.Object)! Ignoring this property.
2018-02-20 18:26:38,248 INFO impl.MetricsConfig: loaded properties from hadoop-metrics2.properties
2018-02-20 18:26:38,302 INFO impl.MetricsSystemImpl: Scheduled Metric snapshot period at 10 second(s).
2018-02-20 18:26:38,302 INFO impl.MetricsSystemImpl: JobTracker metrics system started
2018-02-20 18:26:38,432 WARN mapreduce.JobResourceUploader: Hadoop command-line option parsing not performed. Implement the Tool interface and execute your application with ToolRunner to remedy this.
2018-02-20 18:26:38,522 INFO input.FileInputFormat: Total input files to process : 1
2018-02-20 18:26:38,541 INFO mapreduce.JobSubmitter: number of splits:4
2018-02-20 18:26:38,656 INFO mapreduce.JobSubmitter: Submitting tokens for job: job_local1035638299_0001
2018-02-20 18:26:38,658 INFO mapreduce.JobSubmitter: Executing with tokens: []
2018-02-20 18:26:38,768 INFO mapreduce.Job: The url to track the job: http://localhost:8080/
2018-02-20 18:26:38,768 INFO mapreduce.Job: Running job: job_local1035638299_0001
2018-02-20 18:26:38,773 INFO mapred.LocalJobRunner: OutputCommitter set in config null
2018-02-20 18:26:38,777 INFO output.FileOutputCommitter: File Output Committer Algorithm version is 2
2018-02-20 18:26:38,777 INFO output.FileOutputCommitter: FileOutputCommitter skip cleanup _temporary folders under output directory:false, ignore cleanup failures: false
2018-02-20 18:26:38,778 INFO mapred.LocalJobRunner: OutputCommitter is org.apache.hadoop.mapreduce.lib.output.FileOutputCommitter
2018-02-20 18:26:38,812 INFO mapred.LocalJobRunner: Waiting for map tasks
2018-02-20 18:26:38,812 INFO mapred.LocalJobRunner: Starting task: attempt_local1035638299_0001_m_000000_0
2018-02-20 18:26:38,830 INFO output.FileOutputCommitter: File Output Committer Algorithm version is 2
2018-02-20 18:26:38,830 INFO output.FileOutputCommitter: FileOutputCommitter skip cleanup _temporary folders under output directory:false, ignore cleanup failures: false
2018-02-20 18:26:38,843 INFO mapred.Task:  Using ResourceCalculatorProcessTree : [ ]
2018-02-20 18:26:38,846 INFO mapred.MapTask: Processing split: hdfs://localhost:9000/user/ubuntu/nyse/all/input/nyse_all_prices.csv:0+134217728
2018-02-20 18:26:38,886 INFO mapred.MapTask: (EQUATOR) 0 kvi 26214396(104857584)
2018-02-20 18:26:38,886 INFO mapred.MapTask: mapreduce.task.io.sort.mb: 100
2018-02-20 18:26:38,886 INFO mapred.MapTask: soft limit at 83886080
2018-02-20 18:26:38,886 INFO mapred.MapTask: bufstart = 0; bufvoid = 104857600
2018-02-20 18:26:38,886 INFO mapred.MapTask: kvstart = 26214396; length = 6553600
2018-02-20 18:26:38,889 INFO mapred.MapTask: Map output collector class = org.apache.hadoop.mapred.MapTask$MapOutputBuffer
2018-02-20 18:26:39,772 INFO mapreduce.Job: Job job_local1035638299_0001 running in uber mode : false
2018-02-20 18:26:39,773 INFO mapreduce.Job:  map 0% reduce 0%
2018-02-20 18:26:42,071 INFO mapred.LocalJobRunner:
2018-02-20 18:26:42,071 INFO mapred.MapTask: Starting flush of map output
2018-02-20 18:26:42,071 INFO mapred.MapTask: Spilling map output
2018-02-20 18:26:42,071 INFO mapred.MapTask: bufstart = 0; bufend = 28783252; bufvoid = 104857600
2018-02-20 18:26:42,071 INFO mapred.MapTask: kvstart = 26214396(104857584); kvend = 16559380(66237520); length = 9655017/6553600
2018-02-20 18:26:43,829 INFO mapred.MapTask: Finished spill 0
2018-02-20 18:26:43,837 INFO mapred.Task: Task:attempt_local1035638299_0001_m_000000_0 is done. And is in the process of committing
2018-02-20 18:26:43,840 INFO mapred.LocalJobRunner: map
2018-02-20 18:26:43,840 INFO mapred.Task: Task 'attempt_local1035638299_0001_m_000000_0' done.
2018-02-20 18:26:43,847 INFO mapred.Task: Final Counters for attempt_local1035638299_0001_m_000000_0: Counters: 22
	File System Counters
		FILE: Number of bytes read=3742
		FILE: Number of bytes written=34089076
		FILE: Number of read operations=0
		FILE: Number of large read operations=0
		FILE: Number of write operations=0
		HDFS: Number of bytes read=134221824
		HDFS: Number of bytes written=0
		HDFS: Number of read operations=5
		HDFS: Number of large read operations=0
		HDFS: Number of write operations=1
	Map-Reduce Framework
		Map input records=2413755
		Map output records=2413755
		Map output bytes=28783252
		Map output materialized bytes=33610768
		Input split bytes=133
		Combine input records=0
		Spilled Records=2413755
		Failed Shuffles=0
		Merged Map outputs=0
		GC time elapsed (ms)=44
		Total committed heap usage (bytes)=475004928
	File Input Format Counters
		Bytes Read=134221824
2018-02-20 18:26:43,848 INFO mapred.LocalJobRunner: Finishing task: attempt_local1035638299_0001_m_000000_0
2018-02-20 18:26:43,849 INFO mapred.LocalJobRunner: Starting task: attempt_local1035638299_0001_m_000001_0
2018-02-20 18:26:43,849 INFO output.FileOutputCommitter: File Output Committer Algorithm version is 2
2018-02-20 18:26:43,850 INFO output.FileOutputCommitter: FileOutputCommitter skip cleanup _temporary folders under output directory:false, ignore cleanup failures: false
2018-02-20 18:26:43,850 INFO mapred.Task:  Using ResourceCalculatorProcessTree : [ ]
2018-02-20 18:26:43,851 INFO mapred.MapTask: Processing split: hdfs://localhost:9000/user/ubuntu/nyse/all/input/nyse_all_prices.csv:134217728+134217728
2018-02-20 18:26:43,870 INFO mapred.MapTask: (EQUATOR) 0 kvi 26214396(104857584)
2018-02-20 18:26:43,870 INFO mapred.MapTask: mapreduce.task.io.sort.mb: 100
2018-02-20 18:26:43,870 INFO mapred.MapTask: soft limit at 83886080
2018-02-20 18:26:43,870 INFO mapred.MapTask: bufstart = 0; bufvoid = 104857600
2018-02-20 18:26:43,870 INFO mapred.MapTask: kvstart = 26214396; length = 6553600
2018-02-20 18:26:43,875 INFO mapred.MapTask: Map output collector class = org.apache.hadoop.mapred.MapTask$MapOutputBuffer
2018-02-20 18:26:44,777 INFO mapreduce.Job:  map 100% reduce 0%
2018-02-20 18:26:46,618 INFO mapred.LocalJobRunner:
2018-02-20 18:26:46,618 INFO mapred.MapTask: Starting flush of map output
2018-02-20 18:26:46,618 INFO mapred.MapTask: Spilling map output
2018-02-20 18:26:46,618 INFO mapred.MapTask: bufstart = 0; bufend = 28800022; bufvoid = 104857600
2018-02-20 18:26:46,618 INFO mapred.MapTask: kvstart = 26214396(104857584); kvend = 16530712(66122848); length = 9683685/6553600
2018-02-20 18:26:46,779 INFO mapreduce.Job:  map 25% reduce 0%
2018-02-20 18:26:48,372 INFO mapred.MapTask: Finished spill 0
2018-02-20 18:26:48,375 INFO mapred.Task: Task:attempt_local1035638299_0001_m_000001_0 is done. And is in the process of committing
2018-02-20 18:26:48,380 INFO mapred.LocalJobRunner: map
2018-02-20 18:26:48,380 INFO mapred.Task: Task 'attempt_local1035638299_0001_m_000001_0' done.
2018-02-20 18:26:48,381 INFO mapred.Task: Final Counters for attempt_local1035638299_0001_m_000001_0: Counters: 22
	File System Counters
		FILE: Number of bytes read=4297
		FILE: Number of bytes written=67730980
		FILE: Number of read operations=0
		FILE: Number of large read operations=0
		FILE: Number of write operations=0
		HDFS: Number of bytes read=268443648
		HDFS: Number of bytes written=0
		HDFS: Number of read operations=7
		HDFS: Number of large read operations=0
		HDFS: Number of write operations=1
	Map-Reduce Framework
		Map input records=2420922
		Map output records=2420922
		Map output bytes=28800022
		Map output materialized bytes=33641872
		Input split bytes=133
		Combine input records=0
		Spilled Records=2420922
		Failed Shuffles=0
		Merged Map outputs=0
		GC time elapsed (ms)=101
		Total committed heap usage (bytes)=588775424
	File Input Format Counters
		Bytes Read=134221824
2018-02-20 18:26:48,381 INFO mapred.LocalJobRunner: Finishing task: attempt_local1035638299_0001_m_000001_0
2018-02-20 18:26:48,381 INFO mapred.LocalJobRunner: Starting task: attempt_local1035638299_0001_m_000002_0
2018-02-20 18:26:48,385 INFO output.FileOutputCommitter: File Output Committer Algorithm version is 2
2018-02-20 18:26:48,385 INFO output.FileOutputCommitter: FileOutputCommitter skip cleanup _temporary folders under output directory:false, ignore cleanup failures: false
2018-02-20 18:26:48,386 INFO mapred.Task:  Using ResourceCalculatorProcessTree : [ ]
2018-02-20 18:26:48,386 INFO mapred.MapTask: Processing split: hdfs://localhost:9000/user/ubuntu/nyse/all/input/nyse_all_prices.csv:268435456+134217728
2018-02-20 18:26:48,404 INFO mapred.MapTask: (EQUATOR) 0 kvi 26214396(104857584)
2018-02-20 18:26:48,405 INFO mapred.MapTask: mapreduce.task.io.sort.mb: 100
2018-02-20 18:26:48,405 INFO mapred.MapTask: soft limit at 83886080
2018-02-20 18:26:48,405 INFO mapred.MapTask: bufstart = 0; bufvoid = 104857600
2018-02-20 18:26:48,405 INFO mapred.MapTask: kvstart = 26214396; length = 6553600
2018-02-20 18:26:48,405 INFO mapred.MapTask: Map output collector class = org.apache.hadoop.mapred.MapTask$MapOutputBuffer
2018-02-20 18:26:48,780 INFO mapreduce.Job:  map 100% reduce 0%
2018-02-20 18:26:50,986 INFO mapred.LocalJobRunner:
2018-02-20 18:26:50,987 INFO mapred.MapTask: Starting flush of map output
2018-02-20 18:26:50,989 INFO mapred.MapTask: Spilling map output
2018-02-20 18:26:50,989 INFO mapred.MapTask: bufstart = 0; bufend = 28918926; bufvoid = 104857600
2018-02-20 18:26:50,989 INFO mapred.MapTask: kvstart = 26214396(104857584); kvend = 16511336(66045344); length = 9703061/6553600
2018-02-20 18:26:51,781 INFO mapreduce.Job:  map 50% reduce 0%
2018-02-20 18:26:52,895 INFO mapred.MapTask: Finished spill 0
2018-02-20 18:26:52,897 INFO mapred.Task: Task:attempt_local1035638299_0001_m_000002_0 is done. And is in the process of committing
2018-02-20 18:26:52,899 INFO mapred.LocalJobRunner: map
2018-02-20 18:26:52,899 INFO mapred.Task: Task 'attempt_local1035638299_0001_m_000002_0' done.
2018-02-20 18:26:52,900 INFO mapred.Task: Final Counters for attempt_local1035638299_0001_m_000002_0: Counters: 22
	File System Counters
		FILE: Number of bytes read=4852
		FILE: Number of bytes written=101501476
		FILE: Number of read operations=0
		FILE: Number of large read operations=0
		FILE: Number of write operations=0
		HDFS: Number of bytes read=402665472
		HDFS: Number of bytes written=0
		HDFS: Number of read operations=9
		HDFS: Number of large read operations=0
		HDFS: Number of write operations=1
	Map-Reduce Framework
		Map input records=2425766
		Map output records=2425766
		Map output bytes=28918926
		Map output materialized bytes=33770464
		Input split bytes=133
		Combine input records=0
		Spilled Records=2425766
		Failed Shuffles=0
		Merged Map outputs=0
		GC time elapsed (ms)=104
		Total committed heap usage (bytes)=639631360
	File Input Format Counters
		Bytes Read=134221824
2018-02-20 18:26:52,901 INFO mapred.LocalJobRunner: Finishing task: attempt_local1035638299_0001_m_000002_0
2018-02-20 18:26:52,901 INFO mapred.LocalJobRunner: Starting task: attempt_local1035638299_0001_m_000003_0
2018-02-20 18:26:52,902 INFO output.FileOutputCommitter: File Output Committer Algorithm version is 2
2018-02-20 18:26:52,902 INFO output.FileOutputCommitter: FileOutputCommitter skip cleanup _temporary folders under output directory:false, ignore cleanup failures: false
2018-02-20 18:26:52,902 INFO mapred.Task:  Using ResourceCalculatorProcessTree : [ ]
2018-02-20 18:26:52,904 INFO mapred.MapTask: Processing split: hdfs://localhost:9000/user/ubuntu/nyse/all/input/nyse_all_prices.csv:402653184+108429063
2018-02-20 18:26:52,924 INFO mapred.MapTask: (EQUATOR) 0 kvi 26214396(104857584)
2018-02-20 18:26:52,926 INFO mapred.MapTask: mapreduce.task.io.sort.mb: 100
2018-02-20 18:26:52,926 INFO mapred.MapTask: soft limit at 83886080
2018-02-20 18:26:52,926 INFO mapred.MapTask: bufstart = 0; bufvoid = 104857600
2018-02-20 18:26:52,926 INFO mapred.MapTask: kvstart = 26214396; length = 6553600
2018-02-20 18:26:52,926 INFO mapred.MapTask: Map output collector class = org.apache.hadoop.mapred.MapTask$MapOutputBuffer
2018-02-20 18:26:53,783 INFO mapreduce.Job:  map 100% reduce 0%
2018-02-20 18:26:54,980 INFO mapred.LocalJobRunner:
2018-02-20 18:26:54,980 INFO mapred.MapTask: Starting flush of map output
2018-02-20 18:26:54,980 INFO mapred.MapTask: Spilling map output
2018-02-20 18:26:54,980 INFO mapred.MapTask: bufstart = 0; bufend = 23249085; bufvoid = 104857600
2018-02-20 18:26:54,980 INFO mapred.MapTask: kvstart = 26214396(104857584); kvend = 18412048(73648192); length = 7802349/6553600
2018-02-20 18:26:55,784 INFO mapreduce.Job:  map 75% reduce 0%
2018-02-20 18:26:56,448 INFO mapred.MapTask: Finished spill 0
2018-02-20 18:26:56,450 INFO mapred.Task: Task:attempt_local1035638299_0001_m_000003_0 is done. And is in the process of committing
2018-02-20 18:26:56,454 INFO mapred.LocalJobRunner: map
2018-02-20 18:26:56,454 INFO mapred.Task: Task 'attempt_local1035638299_0001_m_000003_0' done.
2018-02-20 18:26:56,455 INFO mapred.Task: Final Counters for attempt_local1035638299_0001_m_000003_0: Counters: 22
	File System Counters
		FILE: Number of bytes read=5407
		FILE: Number of bytes written=128651775
		FILE: Number of read operations=0
		FILE: Number of large read operations=0
		FILE: Number of write operations=0
		HDFS: Number of bytes read=511094535
		HDFS: Number of bytes written=0
		HDFS: Number of read operations=11
		HDFS: Number of large read operations=0
		HDFS: Number of write operations=1
	Map-Reduce Framework
		Map input records=1950588
		Map output records=1950588
		Map output bytes=23249085
		Map output materialized bytes=27150267
		Input split bytes=133
		Combine input records=0
		Spilled Records=1950588
		Failed Shuffles=0
		Merged Map outputs=0
		GC time elapsed (ms)=66
		Total committed heap usage (bytes)=668467200
	File Input Format Counters
		Bytes Read=108429063
2018-02-20 18:26:56,455 INFO mapred.LocalJobRunner: Finishing task: attempt_local1035638299_0001_m_000003_0
2018-02-20 18:26:56,455 INFO mapred.LocalJobRunner: map task executor complete.
2018-02-20 18:26:56,459 INFO mapred.LocalJobRunner: Waiting for reduce tasks
2018-02-20 18:26:56,459 INFO mapred.LocalJobRunner: Starting task: attempt_local1035638299_0001_r_000000_0
2018-02-20 18:26:56,466 INFO output.FileOutputCommitter: File Output Committer Algorithm version is 2
2018-02-20 18:26:56,466 INFO output.FileOutputCommitter: FileOutputCommitter skip cleanup _temporary folders under output directory:false, ignore cleanup failures: false
2018-02-20 18:26:56,466 INFO mapred.Task:  Using ResourceCalculatorProcessTree : [ ]
2018-02-20 18:26:56,470 INFO mapred.ReduceTask: Using ShuffleConsumerPlugin: org.apache.hadoop.mapreduce.task.reduce.Shuffle@368a5cc2
2018-02-20 18:26:56,471 WARN impl.MetricsSystemImpl: JobTracker metrics system already initialized!
2018-02-20 18:26:56,487 INFO reduce.MergeManagerImpl: MergerManager: memoryLimit=644821824, maxSingleShuffleLimit=161205456, mergeThreshold=425582432, ioSortFactor=10, memToMemMergeOutputsThreshold=10
2018-02-20 18:26:56,495 INFO reduce.EventFetcher: attempt_local1035638299_0001_r_000000_0 Thread started: EventFetcher for fetching Map Completion Events
2018-02-20 18:26:56,523 INFO reduce.LocalFetcher: localfetcher#1 about to shuffle output of map attempt_local1035638299_0001_m_000002_0 decomp: 33770460 len: 33770464 to MEMORY
2018-02-20 18:26:56,554 INFO reduce.InMemoryMapOutput: Read 33770460 bytes from map-output for attempt_local1035638299_0001_m_000002_0
2018-02-20 18:26:56,555 INFO reduce.MergeManagerImpl: closeInMemoryFile -> map-output of size: 33770460, inMemoryMapOutputs.size() -> 1, commitMemory -> 0, usedMemory ->33770460
2018-02-20 18:26:56,567 INFO reduce.LocalFetcher: localfetcher#1 about to shuffle output of map attempt_local1035638299_0001_m_000001_0 decomp: 33641868 len: 33641872 to MEMORY
2018-02-20 18:26:56,592 INFO reduce.InMemoryMapOutput: Read 33641868 bytes from map-output for attempt_local1035638299_0001_m_000001_0
2018-02-20 18:26:56,593 INFO reduce.MergeManagerImpl: closeInMemoryFile -> map-output of size: 33641868, inMemoryMapOutputs.size() -> 2, commitMemory -> 33770460, usedMemory ->67412328
2018-02-20 18:26:56,604 INFO reduce.LocalFetcher: localfetcher#1 about to shuffle output of map attempt_local1035638299_0001_m_000003_0 decomp: 27150263 len: 27150267 to MEMORY
2018-02-20 18:26:56,624 INFO reduce.InMemoryMapOutput: Read 27150263 bytes from map-output for attempt_local1035638299_0001_m_000003_0
2018-02-20 18:26:56,624 INFO reduce.MergeManagerImpl: closeInMemoryFile -> map-output of size: 27150263, inMemoryMapOutputs.size() -> 3, commitMemory -> 67412328, usedMemory ->94562591
2018-02-20 18:26:56,634 INFO reduce.LocalFetcher: localfetcher#1 about to shuffle output of map attempt_local1035638299_0001_m_000000_0 decomp: 33610764 len: 33610768 to MEMORY
2018-02-20 18:26:56,663 INFO reduce.InMemoryMapOutput: Read 33610764 bytes from map-output for attempt_local1035638299_0001_m_000000_0
2018-02-20 18:26:56,663 INFO reduce.MergeManagerImpl: closeInMemoryFile -> map-output of size: 33610764, inMemoryMapOutputs.size() -> 4, commitMemory -> 94562591, usedMemory ->128173355
2018-02-20 18:26:56,663 INFO reduce.EventFetcher: EventFetcher is interrupted.. Returning
2018-02-20 18:26:56,664 INFO mapred.LocalJobRunner: 4 / 4 copied.
2018-02-20 18:26:56,664 INFO reduce.MergeManagerImpl: finalMerge called with 4 in-memory map-outputs and 0 on-disk map-outputs
2018-02-20 18:26:56,675 INFO mapred.Merger: Merging 4 sorted segments
2018-02-20 18:26:56,675 INFO mapred.Merger: Down to the last merge-pass, with 4 segments left of total size: 128173334 bytes
2018-02-20 18:26:56,785 INFO mapreduce.Job:  map 100% reduce 0%
2018-02-20 18:26:59,338 INFO reduce.MergeManagerImpl: Merged 4 segments, 128173355 bytes to disk to satisfy reduce memory limit
2018-02-20 18:26:59,338 INFO reduce.MergeManagerImpl: Merging 1 files, 128173353 bytes from disk
2018-02-20 18:26:59,339 INFO reduce.MergeManagerImpl: Merging 0 segments, 0 bytes from memory into reduce
2018-02-20 18:26:59,339 INFO mapred.Merger: Merging 1 sorted segments
2018-02-20 18:26:59,339 INFO mapred.Merger: Down to the last merge-pass, with 1 segments left of total size: 128173344 bytes
2018-02-20 18:26:59,340 INFO mapred.LocalJobRunner: 4 / 4 copied.
2018-02-20 18:26:59,376 INFO Configuration.deprecation: mapred.skip.on is deprecated. Instead, use mapreduce.job.skiprecords
2018-02-20 18:27:02,854 INFO mapred.Task: Task:attempt_local1035638299_0001_r_000000_0 is done. And is in the process of committing
2018-02-20 18:27:02,857 INFO mapred.LocalJobRunner: 4 / 4 copied.
2018-02-20 18:27:02,857 INFO mapred.Task: Task attempt_local1035638299_0001_r_000000_0 is allowed to commit now
2018-02-20 18:27:02,872 INFO output.FileOutputCommitter: Saved output of task 'attempt_local1035638299_0001_r_000000_0' to hdfs://localhost:9000/user/ubuntu/nyse/all/output
2018-02-20 18:27:02,873 INFO mapred.LocalJobRunner: reduce > reduce
2018-02-20 18:27:02,873 INFO mapred.Task: Task 'attempt_local1035638299_0001_r_000000_0' done.
2018-02-20 18:27:02,874 INFO mapred.Task: Final Counters for attempt_local1035638299_0001_r_000000_0: Counters: 29
	File System Counters
		FILE: Number of bytes read=256352259
		FILE: Number of bytes written=256825128
		FILE: Number of read operations=0
		FILE: Number of large read operations=0
		FILE: Number of write operations=0
		HDFS: Number of bytes read=511094535
		HDFS: Number of bytes written=63853
		HDFS: Number of read operations=16
		HDFS: Number of large read operations=0
		HDFS: Number of write operations=3
	Map-Reduce Framework
		Combine input records=0
		Combine output records=0
		Reduce input groups=2853
		Reduce shuffle bytes=128173371
		Reduce input records=9211031
		Reduce output records=2853
		Spilled Records=9211031
		Shuffled Maps =4
		Failed Shuffles=0
		Merged Map outputs=4
		GC time elapsed (ms)=6
		Total committed heap usage (bytes)=669515776
	Shuffle Errors
		BAD_ID=0
		CONNECTION=0
		IO_ERROR=0
		WRONG_LENGTH=0
		WRONG_MAP=0
		WRONG_REDUCE=0
	File Output Format Counters
		Bytes Written=63853
2018-02-20 18:27:02,876 INFO mapred.LocalJobRunner: Finishing task: attempt_local1035638299_0001_r_000000_0
2018-02-20 18:27:02,876 INFO mapred.LocalJobRunner: reduce task executor complete.
2018-02-20 18:27:03,788 INFO mapreduce.Job:  map 100% reduce 100%
2018-02-20 18:27:03,788 INFO mapreduce.Job: Job job_local1035638299_0001 completed successfully
2018-02-20 18:27:03,807 INFO mapreduce.Job: Counters: 35
	File System Counters
		FILE: Number of bytes read=256370557
		FILE: Number of bytes written=588798435
		FILE: Number of read operations=0
		FILE: Number of large read operations=0
		FILE: Number of write operations=0
		HDFS: Number of bytes read=1827520014
		HDFS: Number of bytes written=63853
		HDFS: Number of read operations=48
		HDFS: Number of large read operations=0
		HDFS: Number of write operations=7
	Map-Reduce Framework
		Map input records=9211031
		Map output records=9211031
		Map output bytes=109751285
		Map output materialized bytes=128173371
		Input split bytes=532
		Combine input records=0
		Combine output records=0
		Reduce input groups=2853
		Reduce shuffle bytes=128173371
		Reduce input records=9211031
		Reduce output records=2853
		Spilled Records=18422062
		Shuffled Maps =4
		Failed Shuffles=0
		Merged Map outputs=4
		GC time elapsed (ms)=321
		Total committed heap usage (bytes)=3041394688
	Shuffle Errors
		BAD_ID=0
		CONNECTION=0
		IO_ERROR=0
		WRONG_LENGTH=0
		WRONG_MAP=0
		WRONG_REDUCE=0
	File Input Format Counters
		Bytes Read=511094535
	File Output Format Counters
		Bytes Written=63853
ubuntu@ip-172-31-25-109:~/documents/info7250/src$ fs -ls nyse/all/output
Found 2 items
-rw-r--r--   1 ubuntu supergroup          0 2018-02-20 18:27 nyse/all/output/_SUCCESS
-rw-r--r--   1 ubuntu supergroup      63853 2018-02-20 18:27 nyse/all/output/part-r-00000
