AA	52.45968205466989
AAI	10.518446478515145
AAN	19.847593646277964
AAP	44.721311953352824
AAR	19.208936170212734
AAV	12.498480836236933
AB	30.64627297543213
ABA	25.99447019867553
ABB	12.583610986042316
ABC	47.789574069113506
ABD	15.721916592724035
ABG	15.429047379032305
ABK	51.31720845792439
ABM	24.52846106112283
ABR	18.43080689655172
ABT	48.188009450679544
ABV	31.986431181486033
ABVT	49.19672368421053
ABX	22.683009677931288
ACC	25.518320057929056
ACE	42.74092984934093
ACF	16.523633150039306
ACG	9.440427184465943
ACH	42.3421010901883
ACI	25.87369122547202
ACL	99.96112903225816
ACM	27.880952380952365
ACN	28.574227188081927
ACO	15.772344433872583
ACS	47.569317653140345
ACV	32.518217499224164
ADC	20.432540241448734
ADI	29.105212732919277
ADM	20.144271356783914
ADP	47.30339683946277
ADS	42.71497927222473
ADX	12.92956677018632
ADY	10.49845261121854
AEA	10.774021655065743
AEB	19.118402646502876
AEC	10.794785801713548
AED	20.203223062381827
AEE	42.019641211323346
AEF	18.298438538205957
AEG	38.285159376059674
AEH	20.570042698548257
AEL	10.251183279742763
AEM	17.023242779078902
AEO	26.596461422467943
AEP	30.007869775713456
AER	15.98228960396039
AES	27.52261027061587
AET	52.050963725608455
AEV	20.185432098765432
AF	33.20507232164752
AFB	14.039554234769673
AFC	15.706281690140825
AFE	23.426706428098132
AFF	15.163086053412455
AFG	26.640736033106762
AFL	34.113237577639836
AFN	6.236791519434632
AGC	11.009882697947214
AGCO	25.331215914170784
AGD	16.082471910112353
AGL	22.467146425226296
AGM	28.144506713368425
AGN	53.4017382098172
AGO	21.089314599040456
AGP	33.02739507959479
AGU	23.26102398275405
AHC	4.78984095427435
AHD	20.50217488789239
AHL	25.49415057915057
AHS	17.261928467858855
AHT	8.509518221124154
AI	9.639786465177417
AIB	33.623001240181665
AIG	81.84643737326421
AIN	21.55624866785083
AIQ	8.051060252218589
AIR	17.39104347826088
AIT	27.238398315658074
AIV	34.76236465781355
AIZ	42.33719762062127
AJG	29.47727698066091
AKF	19.244362801377733
AKP	13.982516097077761
AKR	12.15446910045336
AKS	20.374692905490107
AKT	18.571468005018822
ALB	27.69138978829397
ALC	11.141127450980374
ALD	18.241838739862523
ALE	31.135276282740683
ALEX	28.157235294117623
ALF	24.609993103448286
ALG	16.669894242068274
ALJ	21.651752848378578
ALK	24.337284438588743
ALL	43.9969283844874
ALM	24.69699712643678
ALQ	24.81629179331308
ALU	19.053537460744707
ALV	36.26336966677048
ALX	113.87829392446636
ALY	6.514758445332373
ALZ	24.503208722741427
AM	27.39916718652512
AMB	33.81583523282321
AMD	20.387731092436972
AME	25.91465621604841
AMG	64.21121370309953
AMN	46.65917313062383
AMP	44.25136073059361
AMR	21.43988405797101
AMT	25.71713847203276
AMX	35.84720425343373
AN	15.648451799200528
ANF	41.90286054118351
ANH	8.29174237288139
ANN	26.82645736105218
ANR	30.876124401913827
ANW	24.90292713567841
AOB	5.706565900846423
AOD	12.824249291784675
AOI	8.307139796464925
AOL	24.81509803921568
AON	40.35359482220887
AOS	27.106978900255626
AP	15.132843623952843
APA	37.2222958680022
APB	11.413333333333343
APC	46.080991525423805
APD	54.15858830478515
APF	11.627565907345785
APH	37.16434858387788
APL	31.38292925278225
APU	24.884276898309672
APX	9.692481188500512
ARB	36.69783938814528
ARD	28.036381118881113
ARE	57.98271527548661
ARG	23.55685621027319
ARI	18.07648936170213
ARJ	25.986586956521727
ARK	5.883078614623441
ARL	9.576966625077382
ARM	16.14224574512243
ARO	28.539592363261093
ARP	19.610705789056322
ART	25.32489361702127
ARW	24.693668271470802
ASA	31.03422235948106
ASF	26.34425688073394
ASG	6.233410631466295
ASH	41.705569994093786
ASI	12.517198261451004
ASP	12.104533712784306
ASR	30.318663829787283
ASX	4.12196679438059
ATE	23.098765822784785
ATI	35.75241001564956
ATK	61.214348540895934
ATO	21.245405489706847
ATR	37.09821327014222
ATT	25.07614247311828
ATU	36.17366680619514
ATV	8.837836676217748
ATW	34.706698243196875
AU	32.50623273480669
AUO	13.161771369721952
AUY	8.721209150326786
AV	13.177105263157893
AVA	17.649037328094295
AVB	65.46885743519773
AVD	14.759132772323511
AVF	14.98343173431733
AVK	22.504029325513184
AVP	36.70318278052218
AVT	31.30687888198762
AVX	19.667029621503005
AVY	41.21359014348116
AWC	16.676560995184612
AWF	9.799095719095755
AWH	42.92440621531633
AWI	34.993413461538466
AWK	20.440640176600432
AWP	9.73596017069702
AWR	29.809205430225482
AXA	35.80072962636078
AXE	27.803127329192545
AXL	19.72790579710146
AXP	47.06754523522301
AXR	15.86083717105261
AXS	30.479122068550865
AYE	33.92346726652163
AYI	32.06987846378219
AYN	13.613823675086675
AYR	19.06026077097503
AZN	48.377220902612834
AZO	64.18997682746989
AZZ	12.761659388646343
BA	50.08629118837267
BAC	50.50904467124019
BAF	13.63192896174864
BAK	14.94927109515258
BAM	18.78268822170865
BAP	25.87791749081658
BAS	20.162588347659998
BAX	39.47954462403379
BBD	28.24455843469063
BBF	14.33276377217556
BBG	34.08953040800611
BBI	10.5547208507406
BBK	15.151679428279724
BBL	39.383527294541096
BBT	30.18020987407564
BBV	23.465361798601517
BBVA	23.422911273682193
BBW	18.486923076923095
BBX	10.340639634494567
BBY	35.607156784401646
BC	24.456162741503128
BCA	28.54720128307942
BCE	25.95658133000306
BCF	13.37144037780401
BCH	37.62224748810146
BCK	13.769939692982444
BCO	33.51369920993231
BCR	43.17080106414424
BCS	51.83256731583401
BDC	23.872523341523312
BDF	14.456580107019212
BDJ	11.68355992844365
BDK	35.88570077628804
BDN	13.747834287639034
BDT	12.37842758620689
BDV	12.469831606217626
BDX	50.499225539461946
BE	211.04787953795386
BEC	41.55532797607919
BEE	14.119641833810888
BEN	49.856240824613664
BEO	15.285999999999994
BEP	15.908688524590186
BEZ	22.422860512659227
BFK	14.297086834733909
BFO	13.565074906367062
BFR	14.833849362119714
BFS	26.33503976861905
BFZ	14.269892623716169
BG	54.52560712611358
BGC	24.083615889896784
BGG	35.68127088212317
BGH	22.362262443438905
BGP	19.378260751961072
BGR	25.94788372093027
BGS	8.957426900584794
BGT	16.084675419401847
BGY	13.428269794721405
BHD	13.244915000000013
BHE	24.80580915406628
BHI	34.02589676746589
BHK	13.047883495145655
BHL	11.760199203187247
BHP	34.19606044723982
BHS	24.978156862745077
BHY	9.397595706618961
BID	17.758986116185596
BIE	14.798596222562551
BIF	6.458302401746767
BIG	18.002105638829352
BIN	13.978109756097554
BIO	37.2476047244095
BIP	15.763320235756387
BJ	32.818371356146955
BJS	32.9505203252033
BJZ	14.706553808948001
BK	34.357501951600256
BKC	21.977004264392303
BKD	28.837459867799783
BKE	26.339056179775284
BKH	23.965822923173203
BKI	14.793791654998575
BKK	14.568901373283415
BKN	13.0688352472463
BKS	30.72182900170033
BKT	5.62072429045338
BLC	5.091172962226643
BLH	15.377273276904454
BLK	98.58202697495204
BLL	39.497313991576874
BLT	10.159196496572738
BLU	4.9234783365234485
BLW	17.139641119221412
BLX	24.00676510989009
BMA	23.291846153846148
BMC	39.283560575769734
BME	25.047626427406207
BMI	27.160839051777973
BMO	38.39321354166659
BMR	22.171890331890346
BMS	29.935117407639357
BMT	9.440139349701433
BMY	53.108952472166266
BNA	9.080716633793575
BNE	15.12033572767024
BNI	56.42442338072661
BNJ	15.227035480858998
BNS	39.98618973561437
BNY	14.753986928104576
BOE	23.41049831081082
BOH	34.90771696638003
BP	63.45850592601486
BPI	15.810869565217386
BPK	15.342998790810151
BPL	29.108770154373932
BPO	22.07360451977408
BPP	20.50431428571428
BPT	29.119382550335423
BPZ	6.744824561403519
BQH	14.98054109239412
BQR	13.653819095477395
BR	19.184291666666645
BRC	30.283929168058844
BRE	25.73439668646444
BRF	39.34327956989247
BRFS	38.58449811794231
BRO	29.926995575221145
BRS	21.433532934131797
BRT	10.796774193548345
BRY	20.439308407934806
BSBR	13.292352941176468
BSC	8.520952380952382
BSD	14.395156369183852
BSE	13.828945355191271
BSI	12.104860417278827
BSP	11.962683257918552
BSX	29.495838565022467
BSY	50.26155163188887
BT	59.31906313966346
BTA	11.693768844221102
BTE	20.659103092783493
BTF	14.182035203520343
BTH	28.575220476431884
BTM	17.468872762457647
BTO	9.93702466598151
BTU	46.009195979899495
BTZ	14.797845161290326
BUD	46.87084967320259
BVF	28.8862797769894
BVN	25.06212741087078
BW	19.12093544343458
BWA	47.21738308698827
BWF	24.238679245283002
BWP	26.646035613870655
BWS	20.450587041373932
BWY	12.052925373134336
BX	15.859668174962286
BXC	8.39115830115829
BXG	5.475499820208572
BXP	56.129562204724394
BXS	23.80377038486626
BYD	17.72161345357065
BYI	11.60512905256521
BYM	13.980759562841534
BZ	4.725410334346508
BZA	14.82671274961597
BZH	38.524111498257874
BZMD	24.849444444444444
CA	30.315553822152783
CAB	18.052192362093393
CACI	22.79208307307933
CAE	7.204051633298201
CAF	36.291023529411795
CAG	31.05767695665753
CAH	52.25604805450971
CAJ	45.89031302876487
CAL	27.736246706586797
CAM	50.93637996733803
CAP	9.99950937950938
CAS	16.438821695760385
CASC	25.795399002493724
CAT	55.37651118632973
CATO	14.27391447940171
CB	60.403752535497
CBB	9.85642602495536
CBC	17.006078085148058
CBD	27.719755485893455
CBE	40.07852567720102
CBG	28.466538461538427
CBI	24.041395420792092
CBK	15.358168294848898
CBL	30.765779727095357
CBM	23.53675934124339
CBR	14.501191969887065
CBS	21.16347490347493
CBT	33.52334268787034
CBU	24.08369145103172
CBY	33.9717612923462
CBZ	7.225934893731522
CCC	13.852433991956591
CCE	21.287178961748673
CCH	30.253718112245025
CCI	22.443969465648856
CCJ	33.43810874013454
CCK	38.89910697380886
CCL	35.05737880496066
CCM	9.509999999999998
CCO	17.91486435921423
CCS	22.060396475770947
CCT	24.169150537634433
CCU	24.192637620051553
CCW	23.736682926829275
CCZ	43.00902723735402
CDE	9.546436436436348
CDI	21.34885416666669
CDR	7.431219911194309
CE	26.287270588235337
CEA	21.258095965770202
CEC	29.153889332800638
CEE	19.749231993632964
CEG	36.42024318004617
CEL	27.706307490144507
CEO	75.63969155118477
CF	63.45899559471376
CFI	9.042405265257257
CFL	28.06825825825823
CFN	23.953719008264475
CFR	37.444087095485706
CFT	98.42032092426189
CFX	13.14304932735425
CGA	11.467922077922085
CGI	13.097002242711186
CGO	14.730806302131622
CGV	19.92223428024258
CGX	34.357301547045445
CHA	42.143736141906956
CHB	13.273238623751396
CHC	11.982142857142852
CHD	31.643672124600553
CHE	32.789272693452475
CHG	31.947960784313622
CHH	28.780068697730066
CHI	16.94953124999999
CHK	19.467754048345476
CHL	40.21472662568757
CHN	19.245444896115714
CHP	19.91421355782018
CHS	21.12080037664777
CHSP	19.015714285714285
CHT	19.191076345431775
CHU	12.156261875258144
CHW	9.280077639751562
CHY	14.540751479289936
CI	72.48581769055792
CIA	7.192705575611589
CIB	15.470592248908261
CIE	14.242250000000002
CIF	5.305871866295291
CIG	24.031860465116278
CII	17.359041666666673
CIM	7.073057553956838
CIR	25.053095879861388
CIT	31.13181818181818
CIU	99.65451861360715
CIX	13.598125626461725
CJA	50.15424471299092
CJB	50.09555891238668
CJR	24.020101999184046
CJS	74.8793793103448
CJT	75.41662068965518
CKH	53.51499641577065
CKP	15.225286787299405
CKR	13.11292132587857
CL	44.56107292539792
CLB	41.0166305254379
CLC	26.346101559376216
CLD	14.96140350877193
CLF	37.519105009805784
CLH	16.982353768844284
CLI	31.705409920328993
CLNY	19.887142857142862
CLP	27.258129548762888
CLR	32.33247838616717
CLS	22.394922918807808
CLU	11.66375
CLW	31.988394648829434
CLX	53.910636510977056
CM	47.46218678815491
CMA	46.005336528859594
CMC	26.680242165241758
CME	315.1348135781861
CMG	79.08133333333333
CMI	58.73261664564978
CMK	7.538410438908646
CML	14.11690355329949
CMM	3.7166756032171593
CMN	13.74286934244238
CMO	17.86788639601109
CMP	38.175267224726284
CMS	21.44537963693709
CMU	6.955575558248139
CMZ	7.838804554079693
CN	101.11734177215189
CNA	57.554649023721275
CNC	26.34776075135939
CNH	19.631588729016798
CNI	47.973062085593746
CNK	13.494978843441475
CNL	22.85363814616763
CNN	9.763571428571412
CNO	15.46872682323859
CNP	13.597683794466345
CNQ	48.027327766179475
CNS	24.950072202166083
CNW	28.12045436586331
CNX	36.422048726467324
CO	5.910988538681932
COF	56.66668145056108
COG	26.11792965627496
COH	36.63008081667382
COL	42.52741801385691
COO	25.161163603220654
COP	42.81127572596564
COT	13.613923509561312
COV	42.93282317979202
COY	8.675790774299845
CP	27.407401335761946
CPA	38.95941738299908
CPB	37.63355254674409
CPC	7.338703703703705
CPE	9.906662553978958
CPF	26.232534902273418
CPK	20.596037096130793
CPL	45.33328148148148
CPN	13.292196969696978
CPO	31.96051391162029
CPP	23.902360984503105
CPT	35.55998800383885
CPV	19.920419580419583
CPX	18.087970863683672
CPY	20.501286594761172
CQB	16.33336371308019
CR	27.077340659340692
CRA	25.815841001104136
CRE	9.428530734632684
CRH	29.661855573732417
CRI	31.04200630914822
CRK	14.75893201930822
CRL	40.42050826446282
CRM	39.2548101265823
CRN	15.500453317322123
CRP	22.723457330415737
CRR	40.468291630715854
CRS	47.30098468661027
CRT	23.29855280600973
CRY	12.630079643944715
CS	44.72355981207079
CSA	14.982148148148157
CSC	50.01182113132978
CSE	17.795369127516764
CSH	16.493255521637632
CSJ	101.67884467265719
CSK	16.500431125131442
CSL	40.79842077087793
CSP	11.213333333333415
CSQ	12.350778078484417
CSR	11.712686116700208
CSS	27.717824305871712
CSU	6.553015564202347
CSV	8.26248043347382
CSX	44.48626776769995
CT	10.568616452991584
CTB	20.69604812834229
CTC	7.144166666666666
CTL	32.939436720142666
CTS	25.16949608262144
CTV	24.54471464806593
CUB	23.178204981935696
CUK	42.490623906705665
CUZ	22.06126996966638
CV	19.054979253112013
CVA	9.879993172507966
CVB	10.184929143561323
CVC	41.59347142224201
CVD	36.70580332829049
CVE	24.897999999999996
CVG	20.82441948859707
CVH	29.930124472573866
CVI	13.27706185567009
CVO	11.946588332872546
CVS	37.439378450859806
CVX	60.59866482322761
CW	46.01560185185224
CWF	9.250393431406094
CWT	32.778209014758545
CWZ	23.992377972465608
CX	27.984213547646412
CXE	7.350819388343838
CXG	29.23829268292688
CXH	8.810464086269894
CXO	28.47040752351099
CXS	14.04126213592233
CXW	24.739917695473306
CY	17.392993909402353
CYD	7.268462574044159
CYE	8.304192587690238
CYH	29.40862139917693
CYN	36.24633586261992
CYS	13.46910714285714
CYT	40.297923121055724
CZZ	8.723063209076182
DAC	18.433285371702635
DAI	54.902117896223224
DAL	11.435787965616042
DAN	5.919188679245284
DAR	7.918439616252841
DB	79.44105438066472
DBD	45.56908616556226
DBN	29.49923353293413
DCA	9.481228915662655
DCE	20.599767025089573
DCI	32.24695096322237
DCM	18.84177677677681
DCO	16.862267123287634
DCP	16.426761603375525
DCS	16.02813570487487
DCT	7.801122320302654
DCW	7.847890624999995
DD	96.26594482986414
DDE	10.784142640364193
DDF	11.737822979659239
DDR	30.250576294913444
DDS	35.22798227018681
DDT	20.159971840901036
DE	46.93990118577047
DEB	53.372745098039275
DEG	61.6232728921125
DEI	19.45234582829503
DEL	35.700358118361166
DEO	54.13740813648293
DEP	20.79211286089239
DES	45.22758169934645
DEW	51.56856209150321
DEX	11.743906249999979
DEXO	33.14333333333334
DF	33.15763520157318
DFG	32.55111816192555
DFP	16.94022012578617
DFR	8.945564168819994
DFS	15.020881913303437
DFT	13.38615517241379
DFY	24.14981020166073
DG	23.5548275862069
DGF	11.226890688259148
DGI	21.688333333333325
DGW	34.39993670886075
DGX	56.25784848484833
DHF	5.7200675675675905
DHG	11.867624999999991
DHI	19.20714189492619
DHM	23.090501882057726
DHR	47.36584656556665
DHT	10.682732290708365
DHX	6.731218749999995
DIN	30.996720154043697
DIS	59.61820794450389
DJP	48.50174757281561
DK	14.202099156118141
DKC	23.861424627277774
DKF	25.4487076537014
DKI	23.611635944700488
DKK	24.585005780346822
DKL	19.203709959231233
DKM	24.34537013801755
DKP	22.40847553324966
DKQ	20.710326223337546
DKR	22.035903398926674
DKS	34.4063949671772
DKT	21.279594594594585
DKW	21.12893350062737
DKX	22.507013801756592
DKY	23.26767252195733
DL	5.854597402597403
DLB	32.106709265175716
DLM	10.05129569308721
DLN	48.93823529411765
DLR	32.57341666666662
DLX	28.204193661971818
DM	15.325370078740146
DNB	33.37756547619045
DNP	9.77020643385483
DNR	16.20163491612166
DNY	19.082483407079653
DO	54.00717300749801
DOLE	12.1027397260274
DOM	23.610850713501765
DON	46.90510893246188
DOV	44.26330970029067
DOW	52.31850215517211
DOX	31.457813141683822
DPC	23.459964071856295
DPD	18.020962655601615
DPL	19.568858552052163
DPM	29.308342857142897
DPO	13.581451612903225
DPS	22.89830699774266
DPZ	17.421423487544484
DRC	28.993559471365653
DRE	18.99823067309397
DRH	12.448327702702697
DRI	24.508082635700852
DRL	20.687776795580174
DRP	11.432031249999996
DRQ	33.78661049902786
DRU	26.84918749999999
DSF	16.75797423887586
DSM	8.992402687216014
DST	51.20288343558306
DSU	6.50265326633166
DSW	23.697209302325597
DSX	18.694100895036634
DT	22.82361939174942
DTE	18.00670620798753
DTF	13.469597989949722
DTG	23.34366469816267
DTK	20.469399999999986
DTN	48.1315250544663
DTT	19.747213622291035
DTV	21.067607003891037
DUA	21.044416058394155
DUC	12.302886201209478
DUF	17.767164685908288
DUK	37.262191376255544
DV	29.808573886857307
DVA	35.39345885634585
DVD	9.722726730310303
DVF	14.776621941594314
DVM	16.004096290449883
DVN	46.27554323725042
DVR	11.017729032258073
DVY	57.428181818181706
DW	16.68457442348001
DWA	29.142377727614726
DX	8.364370784351571
DXB	19.699825072886302
DY	18.22997742200331
DYN	14.689120019554952
DYP	8.607619047619046
EAC	28.734452880750325
EAT	28.669733023795718
EBF	13.113933262335797
EBI	17.492541899441356
EBR	14.706764705882355
EBS	13.196625615763544
EC	22.719028571428556
ECA	49.49871262037503
ECL	33.52470176068996
ED	32.18635151155884
EDD	14.96529078014184
EDE	18.36854058875993
EDN	12.45800853485065
EDR	12.05977129337538
EDS	7.755090909090905
EDT	26.702349726775946
EDU	59.418128654970715
EE	11.544284502861963
EEA	7.350779521940739
EEH	8.494047244094478
EEM	112.2720500873617
EEP	40.793727292624254
EEQ	46.09707383279046
EFA	91.03720338983045
EFG	62.04784644194749
EFR	16.491338885329935
EFT	15.963696275071635
EFV	59.671013215859034
EFX	26.008009275776047
EGF	17.712818604651183
EGN	25.069360311283926
EGO	5.295741680767065
EGP	28.14770066518793
EGY	9.600772271207045
EHA	26.03669538773436
EHB	25.215258525852576
EHI	12.37530413625305
EHL	25.825103902686266
EIG	16.7291994750656
EIX	30.15878751974673
EJ	15.667174603174589
EK	68.56402048232547
EL	43.70436205931723
ELN	30.855802660753948
ELP	8.89647580095434
ELS	30.831713548992123
ELX	24.230604790419488
ELY	19.998609388839746
EM	15.887822580645164
EMC	26.024496153124623
EMD	10.304640522875818
EME	33.82179003658886
EMF	11.81529179030664
EMN	51.639687730514204
EMO	25.758868450390175
EMQ	25.164335894621306
EMR	51.424771315640704
EMS	29.40490403071018
ENB	31.368213216210844
ENH	33.93428489702517
ENI	17.3476146341463
ENL	27.67104364326375
ENP	18.966112026359138
ENR	50.76579032258065
ENS	17.707570093457917
ENT	8.505730633802818
ENZ	16.58638099467192
EOC	21.456154633896567
EOD	13.794702627939136
EOE	13.911473118279572
EOG	42.46284070968943
EOI	17.67964661654137
EOS	17.164972375690585
EOT	19.576853932584275
EP	26.920743453173507
EPB	20.575108695652172
EPD	26.338294198895056
EPE	32.80264942016055
EPL	8.666421052631579
EPP	83.02216306954463
EPR	30.88509778357232
EQR	34.97684020245847
EQS	8.8240316296126
EQT	35.49960934712821
EQY	16.70424108658746
ERF	31.279956840742347
ERJ	30.022528160200316
ERO	55.53277673545967
ES	13.537626811594205
ESC	12.529192825112107
ESD	17.271163987138262
ESE	26.553691991786557
ESI	46.49942525705243
ESL	22.771358200963782
ESS	61.59572017592058
ESV	28.411114576835036
ETB	17.472174273858915
ETE	29.263861386138654
ETG	19.73520421607378
ETH	32.03422290148134
ETJ	17.69031298904539
ETM	32.62799132947982
ETN	69.92456083803383
ETO	23.763071030640656
ETP	33.94602507836986
ETR	33.147991531404536
ETV	16.78888123924267
ETW	16.048132075471692
ETY	15.20782338308458
EV	32.97831702934728
EVC	8.493850983675193
EVF	8.03234546096785
EVG	16.252908653846166
EVN	13.862762968299686
EVR	23.24156036446468
EVT	21.109794007490677
EW	40.759444904722535
EWD	20.630834288990805
EWH	12.479584288990852
EWI	22.216998279816316
EWJ	11.354650229357793
EWK	16.25897362385317
EWL	17.037821100917363
EWM	7.776029243119226
EWN	20.857591743119137
EWP	31.84025516055039
EWQ	22.8623365825688
EWS	8.208701261467937
EWT	11.90910330578512
EWU	17.685765481651483
EWY	33.40992650061249
EWZ	33.95946799667494
EXC	33.68119799894636
EXG	14.030538243626046
EXH	43.120289389067544
EXI	51.04168831168825
EXM	12.751865079365084
EXP	37.92940541896675
EXR	14.20713251267199
EZA	81.29575829383894
FAC	6.4534088732844035
FAF	28.670399201596677
FAM	16.451000000000008
FAV	13.188800000000008
FBC	15.051740357478863
FBN	19.977410468319526
FBP	21.463267304696288
FBR	19.43213162251652
FC	13.041559550561791
FCF	16.40117726353607
FCH	17.40029946250312
FCJ	21.168835098335858
FCN	25.77163324614939
FCS	18.143756633813485
FCT	15.480508356545977
FCX	36.89212904982311
FCY	22.29226214238193
FCZ	19.93994981179426
FDG	47.55561809045228
FDI	11.483557898498919
FDO	21.52246699964327
FDP	19.99342625607782
FDS	41.98801517805022
FDX	62.25519762845865
FE	41.679551948051696
FEO	16.78255491329478
FEU	37.899162132752956
FEZ	41.684183895538645
FF	8.997602568676411
FFA	15.76095481049567
FFC	19.547850678733063
FFD	10.407114285714288
FFG	24.488368127021477
FFH	196.95458689458667
FGB	9.14926686217009
FGC	24.98432598039218
FGE	26.09325619834712
FGF	16.012101576182168
FGI	15.373394004282638
FGP	20.48365115687773
FHI	13.096821366024516
FHN	32.67035378772742
FHO	9.054564315352705
FHY	12.828489208633085
FICO	36.1989082872931
FIF	24.39679760479045
FIG	12.061403973509911
FII	28.910810994231433
FIS	33.77824279641011
FIX	9.93959280303028
FJA	18.49060092449922
FL	26.511044363205023
FLC	18.603946047678793
FLO	21.754617715201597
FLR	63.90511130510679
FLS	32.76435251798568
FLY	11.081344537815127
FMC	52.24181774193547
FMD	29.44967046894801
FMN	14.313405797101447
FMO	19.527271317829484
FMP	11.576258503401379
FMR	17.123052884615387
FMS	30.541803863298576
FMX	47.25226440677979
FMY	16.81538006756756
FNA	5.870663507109005
FNB	21.31602579132457
FNF	18.75788745387455
FNM	41.17518212317305
FO	31.99891338205348
FOE	23.15597038886901
FOF	14.305373134328363
FOR	16.662564575645753
FPL	45.22597234611998
FPO	20.420119949495007
FPT	13.21166109253067
FR	27.572974554707468
FRA	16.45151898734178
FRB	15.81961262553802
FRE	53.93645040315011
FRM	7.444494506850441
FRO	31.489630149812676
FRP	11.200364789849369
FRT	34.82171596578765
FRX	47.52818148754403
FRZ	16.593719081272095
FSC	9.236052631578945
FSR	11.695173370318996
FSS	18.494314005352365
FST	19.53394278855776
FT	5.806858739641587
FTE	44.8217092910327
FTI	39.93303086135424
FTK	19.078073555166366
FTO	13.516471433704684
FTR	14.620395344170223
FTT	20.41444444444444
FUL	37.04853493013984
FUN	20.535877631109592
FUR	9.884880760554603
FWF	21.594446064139927
FXI	80.37297539149866
GA	9.14506129597198
GAB	7.2676382447376895
GAH	24.506432561851646
GAI	5.883096291255524
GAJ	22.3061576354679
GAM	26.13622562449643
GAP	24.301935483871002
GAR	25.840361635220127
GAS	30.298766865390597
GAT	28.70539249146757
GB	25.94958244567532
GBB	45.62551594746716
GBE	5.5892606516290675
GBF	102.51492903225821
GBL	38.365059804276925
GBX	16.214875063742817
GCA	10.455640326975473
GCF	16.53741052631577
GCH	12.551655733996807
GCI	51.92932903225845
GCO	14.864713180793675
GCS	14.278543976348848
GCV	8.814663183942828
GD	48.478273424395006
GDF	12.08135565312845
GDI	27.008380760513806
GDL	15.323073654390923
GDO	19.72
GDP	9.590624100719536
GDV	17.37122998078155
GE	64.77540259311243
GEA	23.651519756838873
GEC	24.70399222654082
GED	23.977653701380166
GEF	42.652010279840255
GEG	23.611222826086927
GEJ	23.30638888888887
GEO	22.030000000000058
GEP	22.88852564102561
GER	24.821867881548958
GES	20.37921285377359
GET	28.634829459048476
GEX	36.55090778097984
GF	8.744677898909805
GFA	27.542216142270888
GFF	14.403207806487115
GFI	11.105344463229121
GFW	23.29500317863956
GFY	15.866285714285741
GFZ	22.816268951878673
GG	16.54431119648745
GGB	15.676993083363676
GGC	21.029665116279016
GGG	29.597479825150657
GGT	8.677687861271615
GHI	12.731153242677829
GHL	58.67760689655175
GIB	9.357926186291769
GIL	28.207940573770482
GIM	6.270154125113325
GIS	49.83152232142861
GJB	23.771781002638534
GJD	20.39631788079473
GJE	22.931736526946132
GJF	23.929931034482763
GJG	21.538385345997302
GJH	8.360248104755339
GJI	24.45474540311176
GJJ	23.51194188518783
GJK	23.17763207547169
GJL	22.47449999999988
GJM	20.718361792956248
GJN	19.38760377358494
GJO	20.7576037735849
GJP	18.406547842401512
GJR	16.782964352720466
GJS	17.68203781512606
GJT	14.4180031446541
GJV	19.915298742138358
GJW	8.87574803149605
GJX	24.583243243243235
GKK	18.079503953989935
GKM	20.298064146620867
GLD	71.69495433789959
GLF	27.881997499218535
GLG	7.31700261780105
GLP	22.412915904936064
GLS	13.887496774193536
GLT	14.212131438721173
GLW	44.11731734837837
GMA	21.40262849413887
GME	30.44131906421109
GMK	7.3639714494875435
GMR	22.758633225954902
GMT	34.757232827832375
GMW	24.950000000000433
GMXR	18.668165548098415
GNA	9.246121076233177
GNI	58.522508523237065
GNK	32.649912663755444
GNV	7.4234668508287305
GNW	23.778733472512165
GOF	14.81931142410016
GOL	22.122300635144686
GOM	18.345797827903105
GOV	22.42313953488372
GPC	31.979753177653055
GPD	24.455401505646176
GPI	27.124972411554783
GPJ	24.72675471698114
GPK	4.722626886145412
GPN	42.60589059674496
GPS	32.71270840661308
GPU	25.407216494845372
GPW	23.917308707123976
GPX	7.037574950033301
GR	36.34864354838709
GRA	10.240614059853229
GRB	12.113962231462265
GRE	17.279699029126192
GRO	4.138783068783069
GRR	12.084493748467835
GRS	9.084490426189001
GRT	18.547382483918756
GRX	6.297294832826748
GS	121.0791897891233
GSC	52.86292682926828
GSG	42.699630872483255
GSH	15.49774268328024
GSI	4.567771565495208
GSK	38.01240753194328
GSL	2.6650938337801615
GSP	42.48002344665884
GT	30.746369294606026
GTC	210.05076449912195
GTI	17.404936882546654
GTN	8.455408872260831
GTS	16.288443223443213
GTY	18.69344998232613
GU	5.641078066914489
GUI	24.747408805031444
GUL	24.061430363864545
GUQ	23.932325259515576
GUT	8.860629001883247
GVA	28.30236906077336
GVI	103.14065806451599
GWF	22.3851505646173
GWR	25.58607174103248
GWW	57.477458563536146
GXP	27.680285103349664
GY	9.72519561815335
GYA	21.97683423913046
GYB	20.322265734265777
GYC	19.881660377358507
H	29.974531250000005
HAE	31.338020347604974
HAL	32.733714890613925
HAR	46.934293478260855
HAS	25.911749289548485
HAV	10.131498864496583
HBC	70.45652583930585
HBI	23.489744779582352
HCC	26.281745152354603
HCE	16.209963768115927
HCF	13.327942794279444
HCH	106.28546424090331
HCN	28.966138833444354
HCP	32.03979508196735
HCS	24.326086956521713
HD	40.36721980074766
HDB	55.19001397298557
HE	27.220379950053598
HEI	22.974568622866435
HEK	6.360412186379928
HEP	38.5498295454546
HES	52.36666272539196
HEW	30.34170616113746
HF	7.59973753280839
HGG	13.539192546583863
HGR	9.513638987566601
HGT	19.953844460748186
HHS	22.77376960784316
HHY	9.68300482425919
HI	19.556581740976657
HIF	11.937349310094188
HIG	62.756488463703036
HIH	11.711163767246562
HIL	7.39861894432393
HIO	7.368466190214417
HIS	5.5129845753578115
HIT	69.47031080695723
HIW	26.129424150177588
HIX	10.844808279606422
HJA	21.81622377622376
HJE	23.884558629776016
HJG	21.339627906976737
HJJ	21.8110752688172
HJL	21.58834602076127
HJN	21.55788679245283
HJO	21.74987990392316
HJR	17.10756289308177
HJT	23.950471698113198
HJV	19.415897790055215
HK	16.629436519258217
HL	8.237264061010524
HLF	33.33536679536683
HLS	18.006823666796425
HLX	30.319675181330826
HMA	20.65113274706869
HMC	44.58441503440963
HME	34.2144373401536
HMH	8.054005876591564
HMN	22.059895265110242
HMY	9.58563652587753
HNI	30.242615476904586
HNP	26.863410150181263
HNR	9.367562364957783
HNT	29.819665071770338
HNZ	36.2657711128649
HOC	29.583345898003998
HOG	41.405008919015344
HON	42.00407528156573
HOO	7.311835937499998
HOS	30.07864682002703
HOT	26.935989276139235
HOV	19.46315331399241
HP	32.116088119871705
HPF	21.65923246824959
HPI	21.386825876662634
HPQ	57.256247419274096
HPS	19.662510460251045
HPT	31.637893004114854
HPY	21.87131205673758
HQH	14.148305785124096
HQL	13.506029970923775
HR	26.84540765390967
HRB	37.587076791809366
HRC	41.474197288619386
HRG	11.189188470066652
HRL	26.46623864085331
HRP	8.08686972147348
HRPN	19.19021739130435
HRS	31.495985885674123
HRZ	15.53808917197455
HS	17.853270564915743
HSA	10.511910344827609
HSC	41.08746079828944
HSF	8.636922665716362
HSM	11.772081138040033
HSP	37.66206469373701
HST	10.628898906296163
HSY	50.41221882049692
HT	7.540922454979795
HTB	24.77779176201376
HTD	16.190782085561484
HTE	21.348053811659167
HTH	11.906183510638316
HTN	22.952944228275
HTR	7.185713155291773
HTS	26.188169642857137
HTX	17.99182498130144
HTY	13.560753768844215
HTZ	13.327299630086312
HUM	28.259434494429648
HUN	17.04408764940239
HVT	14.10723513634328
HW	14.68037434706909
HWD	16.4454547537228
HXL	13.889778650482043
HXM	38.4358062234795
HYA	23.96011749347261
HYB	4.152678700360929
HYC	6.650309446254069
HYF	5.8877107607950885
HYH	22.210733019502353
HYK	22.026060606060625
HYL	22.007560303239178
HYM	24.561893572909476
HYT	12.237603795966761
HYV	12.829781234807967
HYY	24.457839622641547
HZD	24.871053459119484
HZK	24.920410764872518
HZO	15.108085324232105
IAE	18.31096818810511
IAG	8.147128174123313
IAI	39.39078141499475
IAK	39.64959873284055
IAT	35.75362196409717
IBA	14.897775994865055
IBI	19.526617760617775
IBM	194.39210421999962
IBN	21.91156870860925
ICA	13.236819701359437
ICB	12.663072580645109
ICE	105.12126058325502
ICO	5.904433962264144
ICS	13.942854006586147
ID	8.137352674524026
IDA	29.678324259951463
IDC	14.279791373651674
IDE	20.01
IDG	19.057521079257988
IDT	11.617780309936187
IDU	73.31944696657041
IEI	108.71584985835693
IEO	54.12677930306233
IEP	20.681535613540156
IEV	70.01674040066777
IEX	30.71238012374315
IEZ	48.9048152059134
IFF	39.01590119971767
IFN	20.372411047524277
IGA	17.01945116279071
IGD	16.747977161500767
IGE	91.98952542372867
IGI	19.819084967320247
IGK	18.662653562653553
IGM	45.933783542039215
IGN	26.915734463276813
IGR	14.16514037433156
IGT	32.72919560878239
IGV	39.28790524849045
IGW	53.641881096144935
IHC	11.401217564870157
IHE	50.888225976768815
IHF	49.03272439281943
IHI	51.31487856388595
IHR	3.7763070539419137
IHS	45.48038497652585
IIC	12.961542480065999
IID	13.284103852596306
IIF	20.026680828465167
IIM	13.0704617921935
IIT	22.972683116883143
IJD	25.368071348940887
IJH	90.53471094710952
IJJ	84.05114774624386
IJK	96.03734974958273
IJR	90.76690856908581
IJS	77.47250834724542
IJT	91.48088480801343
IKJ	24.644165298303232
IKL	22.90131834750911
IKM	23.274579015544077
IKR	23.825230880230926
ILF	112.02403405754563
IM	19.642986194477828
IMA	22.950664901441556
IMB	13.882526997840193
IMC	14.493043114273613
IMF	16.63634401114207
IMN	27.76732612507311
IMS	13.328699119911988
IMT	12.90814642778148
IN	16.324486556527432
INB	12.90643192488264
IND	23.00946675031371
ING	37.47708446047501
INP	57.642563451776645
INT	22.634584602884672
INZ	23.684969393433533
IO	14.06699347780349
IOC	27.69268131868131
IOO	60.96287016934428
IP	34.79379794385157
IPG	30.99021382751265
IPI	31.323509933774815
IQC	12.611789154968353
IQI	13.253386476085764
IQM	12.628152831226021
IQN	12.871487376509231
IQT	11.958237456747339
IR	42.448572580645305
IRC	14.148814610613355
IRE	50.289791852512614
IRF	23.563915447734537
IRL	13.04253250650128
IRM	32.683250212524925
IRR	16.79021765417168
IRS	17.013760683760715
ISF	17.56710447761194
ISG	20.113642143505942
ISH	16.533595139943685
ISI	97.30403416557164
ISM	17.06785214785216
ISP	21.730667514303935
IT	21.449851833859668
ITA	53.01070749736002
ITB	22.56350580781411
ITC	42.13165354330709
ITF	90.96564617314931
ITG	33.036352272727314
ITT	52.51982298398436
ITUB	37.063901098901084
ITW	57.28397431323585
IVC	28.48555111022201
IVE	59.755149651496524
IVN	8.62911238825032
IVR	21.40908496732026
IVV	118.86952127659579
IVW	58.89832308323074
IVZ	32.35480827586213
IWA	17.629618902438995
IWC	47.90807624113477
IX	66.12328170028822
IXC	75.30070217917672
IXG	61.69813075060547
IXJ	49.70424697336561
IXN	50.20577239709441
IXP	51.87667796610165
IYC	55.92297062474143
IYE	66.60643298969066
IYF	83.77476834768355
IYG	94.57441783649864
IYH	60.38434226804115
IYJ	53.919206151288364
IYK	50.366210309278365
IYM	49.091687990094975
IYR	76.25971122112222
IYT	73.49106885245897
IYW	53.31839198036
IYY	56.72351340206184
IYZ	26.376039360393634
JAG	8.262180645161292
JAH	25.59579792256848
JAS	22.223638095238094
JBI	25.800497711670427
JBJ	22.717661290322578
JBK	20.44318614130434
JBL	26.61139363722698
JBN	19.331586666666666
JBO	22.57840195394283
JBR	18.671827195467422
JBT	13.576163682864431
JCE	13.511286307053952
JCG	34.45956906077356
JCI	49.73402489626558
JCP	37.79598249576496
JDD	14.167303370786541
JEC	41.174758607044076
JEF	32.12840087841896
JEQ	8.325458058649696
JFC	12.285968325791826
JFP	9.73252039151713
JFR	11.923548168249642
JGG	17.570530386740334
JGT	16.321683309557763
JGV	17.019708193041534
JHI	14.891245362155177
JHP	12.20274651810584
JHS	11.738474393531048
JHX	25.16749760306802
JKD	67.2310889679717
JKE	59.41078291814945
JKF	67.91509608540917
JKG	71.07385765124553
JKH	76.59761565836301
JKI	70.80679003558707
JKJ	72.42390035587185
JKK	66.65040569395015
JKL	68.69724555160138
JLA	16.105084459459466
JLL	39.689508716323296
JLS	25.288979591836732
JMP	7.582239884393071
JNJ	71.2935477178415
JNPR	50.43936751496996
JNS	20.92813145928068
JNY	30.802262990455894
JOE	41.94337990685298
JOF	9.40873104549084
JPC	11.653109438332374
JPG	15.820349716446138
JPM	46.081544419134616
JPS	12.468647629310343
JPZ	16.423827067669187
JQC	11.436452581032437
JRN	11.11638006230529
JRO	11.73905308464849
JRT	15.042303609341808
JSM	20.36622886866062
JSN	16.27949486977115
JTA	18.4342885375494
JTD	12.379166666666661
JTP	12.182372262773741
JTX	21.334242424242444
JWF	21.949807956104287
JWN	35.69221886031263
JXI	55.160552941176455
JYN	61.08529080675423
JZC	21.485458221024263
JZE	23.604286657860023
JZH	21.793475130890048
JZJ	23.916357786357786
JZK	21.40560076287352
JZL	24.04675862068966
JZS	22.221170928667615
JZT	23.55666218034996
JZV	22.755031367628597
KAI	15.936208035222908
KAR	14.04128205128205
KB	52.39094202898546
KBH	29.290596935138748
KBR	25.1236251541307
KBW	27.349252450980373
KCC	23.769736511919724
KCI	44.68161096256683
KCP	23.8565694726166
KCT	25.37193989071036
KCW	21.76502501136881
KDE	12.26796965462168
KDN	31.968017189686122
KED	19.479976498237374
KEF	6.563043927648538
KEG	10.008976681005205
KEI	15.628323725055276
KEP	15.121056466302386
KEX	27.054017645792975
KEY	27.011061362825508
KF	20.839901890831214
KFN	15.478932874354559
KFS	12.677772349780149
KFT	32.19170271514033
KFY	17.12042406669086
KG	21.757423879575796
KGC	7.66881863127755
KGS	19.160047468354406
KHD	16.67034385745548
KHI	5.948314418604669
KID	17.62462369463446
KIM	33.05641422959407
KKD	23.15112864077672
KLD	52.34063981042655
KMB	56.27473875295965
KMM	7.377432075471695
KMP	41.27445425724603
KMR	44.22396355353066
KMT	34.86760927743092
KMX	19.185410036719734
KND	27.877934621099527
KNL	15.994128086419781
KNM	24.0789135135135
KNO	23.062986075296546
KNR	25.283030112923505
KNX	20.30988725747253
KO	66.59007515071397
KOB	25.430756380510395
KOF	28.691899685001236
KOP	29.172203557312226
KOS	25.227671641790966
KR	27.67913803423895
KRA	14.222000000000001
KRC	36.07352797309689
KRG	12.934410701373812
KRH	22.146983546617957
KRJ	23.3597947080292
KRO	25.671643041237072
KS	6.274541778975743
KSA	24.258571428571482
KSK	19.56670840787115
KSM	12.01379595765139
KSP	30.692921568627455
KSS	53.76517264574007
KST	12.7762101210121
KSU	34.27444523724585
KT	24.001864532936352
KTC	24.03716378662663
KTF	10.012528425515494
KTH	27.371125886524766
KTN	25.5780578778135
KTP	21.976744186046478
KTV	26.32234146341459
KTX	22.916125984251966
KUB	53.87872941822179
KVF	24.132107904642357
KVJ	25.59107668067228
KVN	23.3575827107791
KVR	23.93059188275084
KVT	24.412992471769083
KVU	18.679259723964904
KVW	24.689209919261767
KWK	16.211667405765
KWR	19.607536926147564
KXI	54.43548235294114
KYE	23.32417383820999
KYN	26.45925705794949
KYO	94.60204027084812
L	74.0284830374406
LAB	14.505302152317865
LAD	18.271027439024383
LAZ	37.88758131776479
LBF	7.1193541518808106
LBY	22.45104961832061
LCC	23.415442114858713
LCM	15.226321202531642
LDF	13.14981531531524
LDK	25.61336283185838
LDL	17.131571371451475
LDR	32.10944841447072
LEA	67.97145161290322
LEE	26.26406534547406
LEG	27.83993050605827
LEN	31.51319137562356
LEO	9.57891173342786
LF	13.680142555438234
LFC	50.05579560155233
LFL	18.072083469188108
LFT	22.356406249999996
LG	29.500370634355033
LGF	6.112193450114239
LGI	18.273317241379313
LH	37.667975140336814
LHO	22.413373860182396
LII	21.968807097017717
LIZ	31.135601548039816
LL	14.867345132743361
LLL	70.17086616847824
LLY	67.98786177715043
LM	44.35047754811169
LMI	29.039683698296805
LMT	56.01189991619806
LNC	43.37462960062647
LNN	30.975836334533803
LNT	24.340932446999588
LNY	20.743282645426085
LO	69.70995238095242
LOR	16.717108433734975
LOW	37.9207686110215
LPL	18.285586552217453
LPS	32.76356097560975
LPX	20.746602202145716
LRN	21.2592619926199
LRY	30.534106652006543
LSE	8.86727579231288
LSI	18.923053963233595
LTC	13.668387243735758
LTD	21.707200000000107
LTM	35.574319484240625
LUB	13.062391935483896
LUK	27.496634181555844
LUV	23.769814375987142
LUX	28.842753766851676
LVB	22.81382257589153
LVS	53.648023166023236
LXK	54.50007829977629
LXP	13.378414247377288
LXU	9.031743271221535
LYG	30.947881725642247
LYV	14.809403272377269
LZ	34.97024438102042
LZB	21.2089411342427
MA	167.98689174705257
MAA	33.43693508424186
MAC	36.28076192855359
MAD	11.784911440880771
MAG	9.8274388128734
MAN	34.02834418604633
MAR	35.047641900121775
MAS	28.178716919416726
MAT	19.03171230942951
MAV	13.767582070707082
MAY	10.275450819672304
MBI	48.73178464781315
MBT	53.288041493775886
MCA	13.295460889793581
MCD	49.22843706777382
MCI	20.34442704970957
MCK	46.28013315926886
MCN	12.343989935298348
MCO	48.46091606305928
MCR	9.102940711462459
MCS	18.317660184237315
MCY	41.82666467065859
MD	44.491687413554644
MDC	25.096379187455877
MDG	16.640747368420847
MDP	39.79874476313239
MDR	21.703032747217406
MDS	17.33816980508754
MDT	58.01330886504788
MDU	22.392970032108334
MDZ	15.434716590815036
ME	19.440110110110126
MED	5.199399265477428
MEE	32.5947228099874
MEG	38.81275166297129
MEI	14.360657474020835
MEN	9.046802852187325
MER	19.25145776566758
MET	40.617636589404015
MF	12.06504687500001
MFA	7.261024258760108
MFB	14.926847161572045
MFC	31.889388931591174
MFD	19.908668965517275
MFE	29.206366980915103
MFG	8.645348837209296
MFL	13.449337855297163
MFM	6.753432037103108
MFT	13.768449506037168
MFV	9.563017411950897
MFW	14.95272900244629
MG	13.511428571428572
MGA	52.27044510978077
MGB	8.050506747452502
MGF	5.450548567435345
MGI	16.396008676789588
MGM	34.16201424614199
MGS	6.054690842681999
MGU	22.138124999999974
MHD	14.27866415804323
MHF	7.1229196376951425
MHI	13.718958207147175
MHK	45.18268939393938
MHN	13.444535783365593
MHO	25.20679477703866
MHP	60.72014179825971
MHS	52.81770884520879
MHY	7.227548103353502
MI	39.19381912557414
MIC	25.52112142304719
MIG	10.67915401911189
MIL	45.77711813953503
MIM	26.22038077403247
MIN	5.475751041855424
MIR	28.33773879142299
MIY	13.93761800219529
MJF	25.8103480278423
MJH	23.81840652446674
MJI	13.815259095920668
MJN	37.10587999999997
MJT	24.759065244667465
MJV	24.411664948453616
MJY	24.33173410404621
MKC	30.56881437125717
MKL	190.23365500603106
MKS	20.899348426283805
MKV	24.502334494773503
MLG	23.840025823111713
MLI	30.618281707827656
MLM	55.49295465869464
MLP	24.108772051193352
MLR	11.487784599641937
MMC	66.41537578475292
MMM	81.13780379371643
MMP	40.46748320644871
MMR	14.119719460227282
MMS	33.165780365009475
MMT	4.993702613813389
MMU	9.90537904503279
MNE	12.947090687766295
MNI	32.14564897326613
MNP	12.87750524108978
MO	63.10762003556623
MOD	25.518239520958012
MOH	31.1127557160048
MON	56.4959014989294
MOS	43.480022505626415
MOT	50.36566742487769
MOV	19.986101941747428
MPA	13.98332205937617
MPG	22.454523095380946
MPJ	24.419736511919716
MPR	13.655706157284927
MPS	10.394369925873661
MPV	8.898545805207327
MPW	10.683896103896098
MPX	10.322195013357081
MQT	12.032759758108988
MQY	13.137539857064287
MR	30.189363207547235
MRF	7.0271690113702086
MRH	23.730891684901543
MRK	76.65579924915941
MRO	21.864541320680143
MRT	10.341411530815117
MRX	31.153438401775784
MS	56.17048677744005
MSA	45.699041916167616
MSB	7.031517488789199
MSD	9.710867178924264
MSF	14.494624076488485
MSJ	21.889792899408285
MSK	19.746850507982572
MSM	31.163921237693398
MSO	15.396622823984547
MSP	16.213153526970984
MSY	9.110167398463224
MSZ	21.04810049019605
MT	24.893500000000042
MTA	22.694390879478764
MTB	184.4348691325982
MTD	53.96540390879482
MTE	6.187026348808027
MTG	48.7097488192357
MTH	22.52241086587438
MTL	34.67437121212116
MTN	27.124421664626706
MTP	14.046454545454539
MTR	46.394306726457664
MTS	13.567485078238358
MTT	20.409954337899535
MTU	8.646414913957928
MTW	31.724516516516484
MTX	45.835525408139965
MTZ	15.366191999999943
MU	27.977727185766383
MUA	12.210731170973046
MUC	13.572404426559343
MUE	12.436664233576666
MUH	13.17063858241394
MUI	13.702568472306758
MUJ	13.915221888555097
MUR	42.30967632279049
MUS	12.685433310765063
MVC	11.317357083678566
MVL	17.867163597733718
MVO	19.396909090909077
MVT	13.170698185816367
MW	27.408001336898398
MWA	10.086702470461873
MWE	36.08161099137924
MWG	22.61016460905354
MWO	21.200112923462957
MWR	22.695433526011556
MWV	31.14157937147476
MWW	35.96047951441584
MXB	26.798092691622124
MXE	11.222267074413887
MXF	18.319520560244328
MXI	61.299905882352874
MXT	7.43427586206895
MYC	12.5170819453698
MYD	12.337028921998261
MYE	15.59500888494
MYF	13.843105741520425
MYI	12.493426339285715
MYJ	14.342731139466908
MYL	22.59929057685354
MYM	12.251855072463838
MYN	13.81309090909094
MZF	12.636580928481802
N	15.913556797020487
NAC	14.167290658727214
NAD	14.166479344994386
NAI	21.59751867219916
NAL	13.910502376103201
NAN	14.35082247860066
NAT	24.501498874236333
NAV	22.668902728351355
NAZ	14.756846871569557
NBG	7.246911764705898
NBL	31.179210897797688
NBR	27.43470575916271
NC	64.11895322580673
NCA	8.268860646996092
NCI	19.067538185085365
NCL	13.349603960396061
NCO	13.640243581303494
NCP	12.936391528107668
NCR	34.839059001512936
NCS	26.206521836506074
NCT	19.450966666666666
NCV	13.503485813549542
NCZ	12.808461070559593
NDN	23.543944847605346
NE	30.695797362110234
NED	5.358241379310339
NEM	34.7505793674254
NEU	17.570186234817847
NEV	14.34158536585366
NFG	30.208257254069487
NFJ	20.51541365461848
NFP	32.54206960845242
NFX	36.71569325153376
NGG	60.82830388692578
NGLS	21.660543046357624
NGS	13.721672113289776
NGT	21.12808177826577
NGZ	15.700101180438432
NHI	21.65278994146979
NHP	19.116864074206234
NHS	13.364744525547442
NI	19.15275764705886
NIE	18.41232746955346
NIF	13.216796669588149
NIM	10.002370085235079
NIO	13.09979684460787
NJ	27.0364810562572
NJR	29.160926724137806
NKE	58.022647942059656
NL	12.093349098433357
NLC	20.116960486322185
NLS	18.521571540265814
NLY	14.105020988052953
NM	6.986487119437928
NMA	12.781111770524156
NMD	11.865722326454037
NMI	11.477562851782041
NMM	12.26033747779751
NMO	12.526537462537512
NMP	13.467147974648688
NMR	14.392081081081077
NMT	14.868743139407204
NMY	14.00726897689767
NNA	9.224353233830843
NNC	14.268880926130104
NNF	14.276506586168786
NNI	23.31843770174305
NNJ	14.015345634811359
NNN	15.274711519265272
NNP	13.435563254801037
NNY	8.127940967283015
NOA	12.344064436183393
NOC	52.295614678898964
NOK	42.50849395973142
NOV	40.00583508245881
NP	25.83583141762451
NPC	14.741130625685816
NPD	8.025982300884952
NPF	12.791694432266551
NPI	11.917661532682125
NPK	38.95675476447332
NPM	13.599967014843305
NPO	24.680294725956593
NPP	12.25424937367508
NPT	12.147957669048965
NPV	14.885508800880153
NPX	12.163400219901078
NPY	12.967935111355493
NQC	13.531773700305811
NQI	13.099472700851143
NQJ	13.336837803855863
NQM	12.793532982598101
NQN	13.379745604963833
NQP	13.312770326906978
NQS	12.917761884728684
NQU	12.875962481347225
NR	11.784666084679206
NRC	23.19475773889642
NRF	9.213320811419978
NRG	37.30187540141295
NRN	24.799924724956508
NRP	39.34342562432144
NRT	20.379054708520297
NRU	22.821645056726084
NS	49.648620533695194
NSC	40.030517191977
NSH	25.331539325842677
NSL	8.070965490500203
NSM	20.188019746120798
NSR	26.77975021533162
NST	32.584014348097476
NTC	14.949272777167852
NTE	15.10551029444324
NTL	12.190336372209966
NTT	32.958707342295924
NTX	14.645373943203786
NTY	19.39252386882522
NTZ	16.843630543039982
NU	16.71112462954298
NUC	13.585728621291482
NUE	54.54097780443936
NUM	13.52890071692376
NUN	13.842858713578861
NUO	14.629928041866508
NUS	16.47546879710584
NUV	7.932532865907172
NUW	15.586431535269718
NVC	13.246823779193226
NVE	19.354252374054298
NVN	13.22929511677273
NVO	51.39663960113981
NVR	201.9741919191913
NVS	54.79892621475688
NWE	23.755196304849882
NWK	11.129446906918478
NWL	27.13776086956537
NWN	28.71258696521396
NWS	25.946108816663717
NWY	11.12893601190479
NX	25.346500269348127
NXC	14.144945994599375
NXN	13.785693069306625
NXP	13.220577521101722
NXQ	12.818259309107166
NXR	13.17298404840484
NXY	27.897024390243935
NY	64.10042090970794
NYB	28.331180793728343
NYC	71.21756958587926
NYM	22.7613313373255
NYT	30.635983496126588
NYX	50.928806941431695
NZ	10.329079563182525
NZT	32.64552254755308
OB	18.32177696078429
OC	23.139951338199495
OCN	11.762535043244863
OCR	26.527486476739863
ODC	15.946443113772585
ODP	21.83568745004001
OEH	25.22653958944284
OFC	20.387231064763686
OFG	18.87133333333327
OGE	26.068143293230374
OHI	13.984334695731189
OI	20.481921225382884
OIA	6.927803833984733
OIB	6.9908577486507015
OIC	8.546537403740373
OII	26.335762475050316
OIL	41.226312785388046
OIS	24.47058510638296
OKE	23.341495161290407
OKS	37.0308764263172
OLA	14.171571428571434
OLN	27.93129287125153
OLP	14.353175166296753
OMC	58.27531880871509
OME	6.299983193277288
OMG	34.93727494510858
OMI	41.634500745156515
OMN	5.267526923076922
OMX	29.20181651376145
ONB	28.35689221556911
OPY	21.723970217062103
ORA	35.47234042553183
ORB	16.276238369517063
ORI	22.910435738556938
ORN	15.058305400372442
OSG	30.151711210761473
OSK	30.631575891069225
OSM	18.578812292358812
OTE	9.880060113154173
OWW	6.158385093167703
OXM	24.81935784753339
OXY	34.33321861777152
OZM	13.843060498220634
PAA	34.74800781250002
PAC	34.91255276381907
PAG	19.581979634621188
PAI	14.637585650224073
PAM	11.467108433734937
PAR	9.548694158075604
PAS	14.006767790866457
PAY	22.28334995843725
PBG	29.84528980190748
PBH	10.670676213206038
PBI	43.8233794076172
PBR	48.42141838019305
PBT	7.746156053811682
PBY	16.883991739989227
PC	101.13248500299892
PCF	6.133453427065018
PCG	19.904762845849703
PCH	33.92058939096261
PCK	13.615302713987498
PCL	26.542056056824784
PCM	12.665930485155426
PCN	14.330342969132829
PCP	49.4472081519587
PCQ	14.546708275543228
PCS	17.81614406779661
PCU	34.174591923185524
PCX	34.01704028021019
PDA	38.24575933075936
PDE	17.360349790125955
PDP	21.076334231805934
PDS	30.63908353365375
PDT	10.690695292495416
PEB	21.33658536585366
PEG	26.308366271409675
PEI	25.585523281595595
PEO	24.193760100556613
PEP	43.85510177203069
PFD	12.130129382303867
PFE	53.48734978843447
PFG	39.34766171538097
PFH	21.608936877076392
PFK	21.283200000000015
PFL	16.874109159347555
PFN	15.072248120300742
PFO	11.43015649107334
PFS	16.425869442881257
PFX	22.70560903732807
PG	78.3551057103328
PGH	17.322195121951196
PGI	11.516737142857147
PGM	30.72007481296757
PGN	39.626581704457344
PGP	21.322761824324317
PGR	59.466927477704985
PH	42.115406451612806
PHA	20.119904153354614
PHD	15.478310077519351
PHG	35.33859705776806
PHH	22.42602848101271
PHI	32.93155215311008
PHK	13.25417788180221
PHM	27.792725806451735
PHR	22.975601023017873
PHT	15.026421643695777
PHX	21.563323271130614
PHY	3.15086705202312
PIA	7.6984100982848265
PIF	12.527078064870814
PII	41.98508880994674
PIJ	19.24649441340776
PIKE	15.791584938704043
PIM	5.384256055363322
PIR	11.276554652213186
PIS	23.18177540777915
PIY	23.455621079046416
PJA	19.628829051383402
PJC	46.431562500000034
PJE	19.862955206515426
PJI	22.585369515011593
PJJ	23.027923462986198
PJL	25.691756587202
PJR	23.034972557628997
PJS	22.959735828288405
PJT	23.92399336283184
PJZ	25.112262313860242
PKD	6.247259828554553
PKE	23.393033183856847
PKG	20.185749502982116
PKH	20.76219573400253
PKI	25.219512195121922
PKJ	22.86954830614804
PKK	23.242255528255512
PKM	22.313008893280635
PKO	20.49505434782609
PKX	47.02528174500134
PKY	34.09228046103169
PL	34.02361477045935
PLA	11.563614349775438
PLD	30.29473655323832
PLL	24.393986660929404
PLP	20.35544303797467
PLS	25.32456179775286
PLT	34.87948660714285
PLV	24.358805031446533
PM	46.67697286012527
PMC	18.07257861635219
PMF	14.791479426722152
PMG	12.166045706371197
PMI	42.29607564377686
PML	13.737259916492668
PMM	9.105832531279919
PMO	12.019829576690512
PMT	18.419548872180453
PMX	13.794081967213145
PNC	43.9635885078778
PNF	13.375520110956986
PNH	23.578732394366195
PNI	13.849728601252611
PNK	16.652164658634533
PNM	17.954836550435395
PNR	35.195187924829995
PNU	22.971295572916684
PNW	27.442048136645866
PNX	11.52675576036867
PNY	25.181841207113347
POH	25.305587743732563
POL	7.25406183820415
POM	23.171833161688888
POR	23.811209850107073
POT	66.021647670466
PPC	23.051543408360153
PPD	25.468874083943994
PPG	47.81109222583514
PPL	34.465115722266155
PPM	13.447522002200229
PPO	15.02181250000001
PPR	6.786046563192927
PPS	31.793524472168915
PQ	5.479447271045339
PRA	39.872127659574495
PRD	15.13639639639639
PRE	48.87798192035168
PRF	50.319961538461506
PRM	7.407268170426103
PRO	10.125874999999988
PRS	8.548338278931753
PRU	56.59789165446563
PRX	16.285541389836645
PSA	32.6413593104687
PSB	35.64854936569217
PSE	18.516337078651674
PSO	13.264755067567565
PSS	35.920239193083646
PSW	17.800048691418112
PSY	18.03810404624281
PT	17.9528548212351
PTC	8.100565091610433
PTI	16.484417938931287
PTP	31.289437158469955
PTR	73.67196605960278
PTV	21.475942591155977
PTY	15.350591848129564
PUK	20.34788469514722
PVA	39.14941716566853
PVD	23.3735549668874
PVG	22.546290726817052
PVH	20.737228767364147
PVR	30.028422318422333
PVX	9.033496503496512
PWE	26.762077067669132
PWR	19.606737541528226
PX	46.99193693693696
PXD	30.181525963682756
PXP	33.2631086350975
PYA	19.599471698113216
PYB	21.321675639300153
PYC	21.132211170619723
PYE	23.109701120796938
PYG	21.297341115434502
PYI	22.10110363391657
PYJ	22.406928374655624
PYK	22.816779310344838
PYL	17.92143396226415
PYM	6.71
PYN	13.441754098360649
PYO	23.15634060520763
PYS	16.04996247654783
PYT	19.684974910394278
PYV	22.02493468795356
PYY	17.937636022514084
PZB	18.385607675906186
PZC	13.566426229508194
PZE	11.285439014700026
PZN	8.389374999999998
QRR	11.267384615384616
QTM	5.179393939393937
QXM	5.53942693409742
RA	13.184320987654319
RAD	17.451442778216244
RAH	31.88099949899804
RAI	56.85671652954388
RAS	17.484019091507523
RAX	12.017804232804231
RBA	36.26762207357861
RBC	26.285020089285712
RBN	26.355295409181725
RBS	9.70771084337349
RBV	24.30136405959033
RC	8.77139155470247
RCC	15.306085814360767
RCI	22.543656525447897
RCL	31.29265451101104
RCS	10.024780098955512
RDC	17.65058675731599
RDK	19.30161827497869
RDN	41.12740391254319
RDY	19.15519404332135
RE	64.05042900636566
REG	34.02346304454232
REP	25.571694104134757
RES	11.646546058704084
REV	12.153767123287642
RF	31.387840319361445
RFI	13.686202914489984
RGA	40.398531073446314
RGC	18.74102459016393
RGR	14.44833199839806
RGS	24.34666881581796
RHB	20.472312620115368
RHI	30.15600356824258
RHT	22.834553030303045
RIG	51.584001426533675
RISK	17.35834630350194
RIT	15.740696937697985
RJF	24.082502258355973
RKT	19.44072265138311
RL	40.39165460836744
RLF	16.83693773234204
RLH	7.53889898989897
RLI	33.449903139013244
RMD	38.92030146659431
RMT	10.084412706230001
RNE	22.73878201310313
RNP	21.96857828434315
RNR	49.07399453551939
ROB	17.54153605015676
ROC	24.512395740905056
ROG	35.208145930361525
ROK	29.85885375494071
ROL	21.118889686098516
ROP	40.94331862312451
ROS	22.49227958431107
RPF	16.9957270194986
RPM	15.877134292566007
RPT	20.70273826662836
RQI	16.158845577211416
RRC	17.650550522648146
RRD	32.19016451612895
RRI	12.565669541534284
RRR	10.476330409356734
RS	34.35619379844964
RSC	13.278499376225275
RSG	25.681448181194217
RSH	35.88497461213008
RSO	9.646160714285712
RST	23.081165048543678
RSX	34.349324712643714
RT	20.655333733013627
RTI	19.62495673173662
RTN	52.59219777119496
RTP	103.3242552755586
RTU	16.659571805006607
RUK	36.30191869497646
RVI	10.686012348307452
RVT	13.764963228699592
RWF	16.23337683523655
RWT	31.119051676745453
RX	24.705876712328788
RXI	47.59275294117645
RY	44.07636007827798
RYJ	16.319732334047114
RYL	31.631966241695086
RYN	41.97727250124374
RZ	9.141043921069404
SAB	16.857745219766596
SAF	15.33021543985636
SAH	18.399736156351754
SAI	18.881944777911173
SAM	20.56552911534156
SAN	30.204630769230864
SAP	41.608080912863066
SAY	19.092884527613013
SB	9.231779859484774
SBG	5.916007905138337
SBH	7.740530864197535
SBP	18.054241134751766
SBR	19.276978792235944
SBS	24.112457670600293
SBW	13.38855104281002
SBX	10.676984126984125
SCD	15.69172459893048
SCG	34.381617937220334
SCI	16.538186619718218
SCL	28.241235033258874
SCR	10.82350777934935
SCS	14.185956102427733
SCU	26.474468085106388
SCX	22.643842152465975
SD	22.515334507042255
SE	22.222919334186944
SEE	39.228808754933894
SEH	16.1730855602964
SEL	10.286995457495127
SEM	9.944516129032257
SEP	24.037781250000005
SF	17.371732735426924
SFD	25.193877021361335
SFE	18.997508119812334
SFG	49.983495038588636
SFI	21.62897555791705
SFL	20.25881856540085
SFN	16.189399056369556
SFY	21.74055579307406
SGA	15.97858177278415
SGF	10.013473577235736
SGK	10.865459165154226
SGL	10.171343612334782
SGU	13.86012356079771
SGY	33.90464242716114
SGZ	21.63890229191799
SHAW	25.742055131676135
SHG	73.76667701863356
SHI	28.109774147044675
SHO	19.704212893553233
SHS	15.316171583587654
SHV	109.98269677419353
SHW	34.46618387096773
SI	81.53282268870025
SID	28.218167330677296
SIG	28.269154141908317
SII	31.48071766095769
SJI	24.649080459770175
SJM	43.439047217537954
SJR	22.035373287671245
SJT	15.243001602278435
SJW	53.0684900221736
SKH	11.80095652173913
SKM	19.611546331481986
SKS	16.719985490423703
SKT	27.21686741252078
SKX	16.71883625512874
SKY	20.958735356386697
SLA	10.632199321047521
SLB	59.98288534762416
SLE	27.018391783567097
SLF	30.408397901533505
SLG	50.31181238034471
SLH	25.528114035087725
SLM	57.22107681263496
SLS	11.7583431085044
SLT	15.066436090225558
SLW	10.546076058772679
SM	26.79173076923084
SMA	15.652223938223925
SMG	36.87764718853364
SMI	6.421077441077427
SMP	13.292829408592448
SMS	21.177515657620035
SNA	32.627854838709645
SNE	48.45301655335497
SNF	11.921202852317496
SNH	16.674850179784237
SNI	33.11440191387558
SNN	50.511394531250005
SNP	53.42516695205483
SNS	15.722780110497174
SNV	21.112311040759725
SNX	20.54121076233188
SNY	37.394299895506734
SO	20.93651940719828
SOA	10.292177419354841
SOL	8.93046692607004
SON	27.144512390088078
SOR	50.08891659192878
SPA	7.009464187074247
SPC	10.535098039215686
SPF	16.977462740168708
SPG	46.92044750430264
SPH	28.939957264956963
SPN	20.84809219534456
SPP	15.637152949487852
SPR	23.855186567164175
SPW	47.082993548387236
SQM	53.64202898550708
SR	18.436143712574914
SRE	36.15126543209889
SRI	11.835119586296
SRT	19.93017034700315
SRV	11.845628058727566
SRX	31.057022153529093
SRZ	28.577574171029617
SSD	34.96279442148772
SSI	24.94909001475655
SSL	19.685850081477057
SSP	43.29713373253483
SSS	31.682394672465225
SSW	20.254033539276243
STC	25.51693490415317
STD	29.43170674802604
STE	26.376817160826622
STI	49.9040851140239
STJ	43.182759638080626
STK	20.4669387755102
STL	15.29421271969555
STM	40.033618248557836
STN	27.703057268722475
STO	19.32090344168262
STP	31.491800766283554
STR	33.94132698868741
STRI	15.242380952380953
STT	49.77023052330475
STU	85.25929597035616
STV	13.383169491525404
STWD	19.860725806451608
STX	18.00138256524153
STZ	33.803329636202704
SU	39.58129752268804
SUG	18.941036343437574
SUI	30.53588553181047
SUN	43.493013880685275
SUP	28.085669899069938
SUR	14.411293436293436
SVJ	25.0329899302866
SVM	8.540682196339429
SVN	13.045094339622642
SVR	15.759490851233075
SVU	24.37124838709674
SWC	17.213072273324542
SWI	19.641923076923067
SWK	34.787627419354855
SWM	25.668889200561
SWN	23.633194968553376
SWS	18.395295909486535
SWX	19.165259472077494
SWY	31.061732504511916
SWZ	15.228250089831102
SXC	10.292115384615348
SXE	26.65329326923078
SXI	23.28923632424627
SXL	42.53452109181139
SXT	25.27271975552771
SY	25.240920232208108
SYA	13.045833333333334
SYK	45.18572742022712
SYT	26.73400086318518
SYX	13.360941496598674
SYY	32.58215617305699
TAC	19.13450467289724
TAI	23.248565022421328
TAL	20.381126629422713
TAM	21.394442190669377
TAP	38.99233624454062
TAR	19.999927409261534
TBH	41.03056284530393
TBI	14.920438953488366
TBL	37.97183846971324
TC	12.09107142857141
TCB	29.35006553585195
TCH	23.814114219114234
TCI	10.673445177851129
TCK	40.63169416941693
TCL	14.079857142857184
TCM	6.2838714090287215
TCO	20.612743648960762
TD	39.28537322274889
TDA	24.00587917485263
TDC	23.22666666666666
TDF	14.157750929367952
TDG	36.844914346895095
TDI	21.530690789473674
TDS	54.37491250810105
TDW	31.3613269886872
TDY	29.0758059467919
TE	25.05209098039196
TEF	49.893647512263655
TEG	35.14887293610885
TEI	11.330986805937352
TEL	27.410209267563502
TEN	32.36930042313198
TEO	20.616197220036707
TER	24.00020245717278
TEX	25.475687724910212
TFC	7.806425409047234
TFX	43.75337664681506
TG	20.94460700851329
TGH	14.122419080068141
TGI	39.291098769138436
TGP	27.99547122602173
TGS	5.859746537758058
TGT	53.20602333136488
TGX	8.70034442903375
THC	20.405954263128258
THG	41.99229936128848
THI	29.808882051282023
THO	26.166330044843292
THS	27.714913941480212
TI	26.407415307402754
TIE	24.25760477299182
TIF	39.879102172741874
TII	12.961527446300707
TIN	44.186308098591496
TIP	102.9538803088803
TJX	23.444919151994323
TK	35.21172442019096
TKC	15.906831683168354
TKF	9.769615765498166
TKR	27.2161112903227
TKS	20.860886373344744
TLB	28.285881343466524
TLH	106.92468387096784
TLI	12.727491115849334
TLK	20.759552697791392
TLM	30.463606716176812
TLP	27.51076858108107
TM	67.72131348925127
TMH	14.492499999999998
TMK	40.25748249236843
TMM	5.100316885468539
TMO	34.22760615711237
TMR	6.151144001780563
TMS	23.849050583657537
TMX	40.47781872088116
TNB	37.95420322580643
TNC	36.649951327433854
TNE	16.391582682753736
TNH	32.40722333111565
TNK	13.903302583025825
TNL	26.97724611973391
TNP	31.116297595190375
TNS	19.18428667563931
TOD	9.833568584871538
TOL	22.206538116592217
TOO	21.27683080808083
TOT	61.77582682291638
TPC	14.506886561176774
TPL	50.773332714444955
TPX	17.46050485436894
TPZ	19.754552238805978
TR	42.02193183856534
TRA	9.72872101320022
TRC	27.703659955257258
TREX	26.631701580301375
TRF	31.469679646506393
TRH	63.74062942724188
TRI	34.18587714731903
TRK	28.070401595744677
TRN	29.168726880948135
TRP	14.618545978045704
TRR	11.690621131741814
TRS	6.7504239766081895
TRU	7.39155598243685
TRV	45.23438499074558
TRW	22.22151815181515
TS	50.580394883203596
TSI	4.236551724137932
TSL	34.99929024081118
TSM	15.55257575757579
TSN	18.67813225643612
TSO	17.547317758391305
TSP	19.60679205110008
TSS	23.28726580796256
TSU	22.17005322924062
TTC	34.452470820614124
TTF	11.314459898843978
TTI	18.08304904904906
TTM	13.727529585798829
TTO	10.395355263157878
TU	28.887748287671258
TUC	8.33203902439024
TUP	25.050738274464525
TV	37.184240708835816
TVC	24.88632595714782
TVE	24.665408618127856
TVL	13.984638802889567
TW	33.33375962361002
TWC	31.796301546391756
TWI	14.566366230677799
TWN	15.43319714781272
TWX	42.37842280390432
TX	26.43396245059287
TXI	34.57788826025467
TXN	57.9373577981649
TXT	49.15654739485254
TY	13.568247117942658
TYC	42.21413094170458
TYG	29.519144385026742
TYL	7.023008833603733
TYN	21.22897769516732
TYW	12.509230769230768
TYY	23.46706925675676
TZF	25.497582673497966
TZK	17.914611041405287
UA	36.790226201696484
UAM	7.552970786516872
UBA	13.19991689750691
UBP	11.213746844572672
UBS	64.73612168874165
UDR	14.863673510065768
UFI	15.691159072741774
UFS	13.584457994579955
UGI	26.156008614501165
UGP	18.424635557269568
UHS	40.7989653792277
UHT	18.73269320007143
UIL	31.809796568193796
UIS	26.15755600814704
UL	46.97597451543433
UMC	4.6826813746287685
UN	86.26379836249782
UNF	25.405970926058743
UNH	56.30567378718341
UNM	33.10437338834448
UNP	62.8741824644552
UNS	21.381119051485857
UNT	18.04482467182161
UPL	38.38012741652022
UPS	65.99151420786319
URI	20.46514932720705
URS	19.73047549378203
USA	9.477284390591626
USB	33.195798289380015
USG	24.955907421013954
USM	43.64547333333337
UST	71.49
USU	9.08691222030985
UTA	4.001331802525829
UTF	19.981437456807182
UTI	24.61804530744338
UTL	24.520421286030906
UTR	38.85762583711383
UTX	57.07934301521509
UVV	32.18994969457421
UZG	25.848058628318626
UZV	23.841207627118635
V	68.81555555555562
VAL	34.19804710064436
VALE	33.00954682779455
VAR	43.86455884995497
VBF	17.636513292433495
VCI	24.631710672287614
VCO	36.29152748962677
VCV	14.591186071817246
VE	42.46739151168343
VFC	44.14252460074205
VG	2.871456102783723
VGM	13.417558602388308
VGR	12.837178121115057
VHI	11.589583054252815
VIA	34.10819219790677
VIM	13.66734146341463
VIP	38.644559663360546
VIT	10.56565377532228
VIV	12.852728885734521
VKQ	12.83960279353992
VLO	25.13881123817591
VLT	7.106061597690135
VLY	23.202033011272075
VM	4.168666666666662
VMC	62.97077351041
VMI	30.606215568862236
VMO	13.360033723021576
VMW	47.90546325878595
VNO	62.02865218951919
VNOD	24.499411764705886
VNR	14.64593749999999
VNV	22.042359693877565
VOD	46.748846515123105
VOL	23.38600851970181
VOQ	16.13181104080278
VPV	13.879064215148276
VQ	13.554320987654314
VR	24.104669811320754
VRS	2.678218527315915
VRX	17.413803622497756
VSH	22.023409906676395
VSI	20.99928571428572
VTA	12.189453125000004
VTJ	15.865100671140722
VTN	13.980096803241768
VTR	22.406658346333888
VVC	24.779358059914482
VVI	29.201525668835842
VVR	7.445363262508604
VZ	56.656445856019715
WAB	22.361860086768004
WAG	37.55512246213404
WAL	21.20842105263159
WAT	49.18479708928078
WBC	32.114025157232724
WBD	43.33529500000004
WBK	43.07657909986486
WBS	32.16031415929195
WCC	25.23971078976637
WCG	43.629270538243674
WCN	30.695013623978284
WCO	25.38592178770948
WDC	15.612945523285772
WDR	25.154577629382278
WEA	13.972696969696973
WEC	25.85498351389497
WEN	16.85235176548967
WES	16.14247165532879
WF	42.54943750000001
WFC	38.78854205900829
WFR	22.88719901719892
WFT	35.11217550274226
WG	15.359332151300235
WGL	29.401326208829342
WGO	16.293654359780135
WH	5.652029250457036
WHG	25.073991640543404
WHI	14.823335951819828
WHR	54.99286500148698
WHX	15.5067857142857
WIA	12.404662921348315
WIN	12.272066772655034
WIT	23.180239828693832
WIW	12.028175133689828
WL	36.611369178492865
WLK	25.48036876355749
WLL	44.786975703324835
WLP	71.49506243996146
WLT	25.360642023346344
WM	27.52801516793066
WMB	24.990828861903395
WMG	13.10169874476987
WMK	30.543101402373214
WMS	11.629343680709578
WMT	39.88926349206364
WMZ	18.25905405405407
WNC	18.555935526029124
WNI	5.380792511700469
WNR	20.544916748285992
WNS	18.387104377104365
WOR	18.48823552894227
WPC	25.075616936817706
WPI	35.6306791569087
WPK	22.83153024911029
WPO	491.4801527171774
WPP	19.75803917649414
WPS	35.24186708860763
WPZ	32.10489342806395
WR	19.848971004243428
WRB	35.839282595134144
WRC	26.975073696145138
WRD	21.19290598290599
WRE	22.09930268709753
WRI	36.23418341708542
WRS	23.702499999999993
WSF	25.189530590717258
WSH	32.72406623735052
WSM	28.955269461077865
WSO	29.713115646258487
WST	27.753311198851105
WTI	26.721431962025367
WTM	216.64438064948087
WTR	17.926243490752398
WTS	27.905003992015654
WTU	11.359631787462138
WTW	41.63976777939051
WU	20.310947867298562
WW	33.174509295287486
WWE	14.06684942084946
WWW	18.248744274206032
WWY	54.36092631578994
WX	16.665575079872184
WXS	26.844325618515587
WY	35.76769350587146
WYN	22.29361607142857
XAA	13.42237376509332
XCJ	25.219706457925646
XCO	16.17361829025844
XEC	37.3061923733637
XEL	31.682097299056302
XFB	24.681978465679666
XFD	22.279146800501866
XFH	23.880966122961134
XFJ	24.449071518193243
XFL	25.740138017565894
XFP	20.425495608532017
XFR	24.208806896551753
XIN	6.205230202578271
XJT	7.756588235294108
XKE	8.034471896232267
XKK	9.14430991217064
XKN	17.72456712672527
XKO	10.411817731550299
XL	57.12595894804362
XOM	62.6171201343607
XRM	6.256829268292682
XRX	49.06196935232907
XTO	27.488345289335278
XVF	19.214903902154916
XVG	23.78465006729477
YGE	15.976983655274884
YPF	33.03593070489852
YSI	14.120734848484831
YUM	40.61453495830671
YZC	33.10950646698426
ZAP	11.207132887899022
ZEP	16.05397548161122
ZF	6.5832111410602305
ZLC	25.963297974927645
ZMH	61.700796626054355
ZNH	17.50046543001685
ZNT	25.7196876692544
ZQK	17.905243902438986
ZTR	7.388408084696691
ZZ	9.236293995859228
