AA	52.459682054670225
AAI	10.518446478515227
AAN	19.84759364627786
AAP	44.72131195335271
AAR	19.208936170212716
AAV	12.498480836236938
AB	30.646272975432208
ABA	25.994470198675486
ABB	12.583610986042325
ABC	47.7895740691136
ABD	15.721916592724051
ABG	15.4290473790323
ABK	51.31720845792388
ABM	24.528461061123032
ABR	18.43080689655172
ABT	48.18800945067953
ABV	31.986431181485997
ABVT	49.19672368421054
ABX	22.68300967793112
ACC	25.518320057929014
ACE	42.74092984934097
ACF	16.523633150039306
ACG	9.440427184465936
ACH	42.34210109018828
ACI	25.87369122547204
ACL	99.96112903225824
ACM	27.88095238095236
ACN	28.574227188081966
ACO	15.772344433872524
ACS	47.569317653140615
ACV	32.51821749922437
ADC	20.432540241448727
ADI	29.105212732919203
ADM	20.144271356783836
ADP	47.303396839463254
ADS	42.71497927222473
ADX	12.929566770186373
ADY	10.498452611218612
AEA	10.774021655065722
AEB	19.118402646502826
AEC	10.794785801713576
AED	20.203223062381852
AEE	42.01964121132337
AEF	18.298438538205996
AEG	38.285159376059816
AEH	20.570042698548235
AEL	10.251183279742754
AEM	17.023242779078693
AEO	26.596461422467907
AEP	30.007869775713452
AER	15.982289603960405
AES	27.522610270615868
AET	52.050963725608135
AEV	20.18543209876545
AF	33.2050723216476
AFB	14.03955423476967
AFC	15.706281690140816
AFE	23.426706428098157
AFF	15.163086053412458
AFG	26.64073603310658
AFL	34.11323757763949
AFN	6.236791519434612
AGC	11.00988269794722
AGCO	25.331215914170883
AGD	16.08247191011234
AGL	22.467146425226357
AGM	28.144506713368408
AGN	53.40173820981699
AGO	21.089314599040446
AGP	33.0273950795948
AGU	23.26102398275402
AHC	4.789840954274351
AHD	20.502174887892394
AHL	25.494150579150585
AHS	17.26192846785894
AHT	8.509518221124159
AI	9.639786465177414
AIB	33.62300124018167
AIG	81.84643737326395
AIN	21.556248667850866
AIQ	8.051060252218575
AIR	17.39104347826088
AIT	27.23839831565779
AIV	34.76236465781356
AIZ	42.3371976206213
AJG	29.477276980661223
AKF	19.244362801377743
AKP	13.982516097077749
AKR	12.154469100453362
AKS	20.374692905490132
AKT	18.57146800501882
ALB	27.69138978829399
ALC	11.14112745098039
ALD	18.24183873986304
ALE	31.13527628274097
ALEX	28.157235294117623
ALF	24.609993103448314
ALG	16.669894242068292
ALJ	21.651752848378635
ALK	24.337284438588785
ALL	43.996928384487276
ALM	24.696997126436774
ALQ	24.8162917933131
ALU	19.053537460744703
ALV	36.263369666770494
ALX	113.87829392446629
ALY	6.514758445332309
ALZ	24.50320872274142
AM	27.399167186525045
AMB	33.81583523282342
AMD	20.387731092437065
AME	25.91465621604834
AMG	64.21121370309947
AMN	46.659173130624296
AMP	44.25136073059363
AMR	21.43988405797101
AMT	25.717138472032765
AMX	35.847204253433866
AN	15.648451799200366
ANF	41.9028605411833
ANH	8.291742372881373
ANN	26.826457361052228
ANR	30.876124401913884
ANW	24.90292713567837
AOB	5.706565900846426
AOD	12.82424929178469
AOI	8.307139796464917
AOL	24.815098039215684
AON	40.35359482220903
AOS	27.106978900255662
AP	15.132843623952922
APA	37.222295868002
APB	11.413333333333396
APC	46.08099152542386
APD	54.15858830478523
APF	11.627565907345769
APH	37.164348583878
APL	31.38292925278227
APU	24.88427689830965
APX	9.692481188500556
ARB	36.69783938814529
ARD	28.036381118881124
ARE	57.982715275486605
ARG	23.556856210273164
ARI	18.076489361702127
ARJ	25.98658695652169
ARK	5.883078614623435
ARL	9.576966625077894
ARM	16.142245745122466
ARO	28.53959236326111
ARP	19.610705789056322
ART	25.324893617021278
ARW	24.693668271470756
ASA	31.034222359481163
ASF	26.344256880733976
ASG	6.233410631466307
ASH	41.70556999409316
ASI	12.517198261451025
ASP	12.104533712784535
ASR	30.31866382978724
ASX	4.121966794380579
ATE	23.098765822784785
ATI	35.75241001564954
ATK	61.21434854089595
ATO	21.245405489706364
ATR	37.09821327014215
ATT	25.07614247311828
ATU	36.173666806195136
ATV	8.837836676217751
ATW	34.706698243196776
AU	32.506232734806574
AUO	13.161771369721919
AUY	8.721209150326802
AV	13.177105263157895
AVA	17.6490373280943
AVB	65.4688574351979
AVD	14.759132772323557
AVF	14.983431734317326
AVK	22.504029325513244
AVP	36.70318278052223
AVT	31.3068788819876
AVX	19.667029621503058
AVY	41.21359014348069
AWC	16.676560995184534
AWF	9.799095719095693
AWH	42.92440621531636
AWI	34.99341346153846
AWK	20.440640176600443
AWP	9.735960170697023
AWR	29.809205430225926
AXA	35.80072962636076
AXE	27.803127329192552
AXL	19.727905797101435
AXP	47.067545235223086
AXR	15.860837171052662
AXS	30.47912206855076
AYE	33.923467266522096
AYI	32.06987846378216
AYN	13.61382367508671
AYR	19.06026077097507
AZN	48.377220902612684
AZO	64.18997682747002
AZZ	12.761659388646326
BA	50.086291188372684
BAC	50.50904467124019
BAF	13.631928961748638
BAK	14.949271095152563
BAM	18.782688221708668
BAP	25.87791749081661
BAS	20.162588347659987
BAX	39.47954462403372
BBD	28.244558434690628
BBF	14.332763772175541
BBG	34.08953040800616
BBI	10.55472085074059
BBK	15.151679428279747
BBL	39.38352729454112
BBT	30.1802098740754
BBV	23.46536179860178
BBVA	23.422911273682008
BBW	18.48692307692303
BBX	10.340639634494613
BBY	35.607156784401475
BC	24.456162741502883
BCA	28.54720128307943
BCE	25.95658133000313
BCF	13.371440377804005
BCH	37.62224748810148
BCK	13.76993969298246
BCO	33.51369920993229
BCR	43.17080106414439
BCS	51.8325673158338
BDC	23.872523341523348
BDF	14.456580107019217
BDJ	11.683559928443634
BDK	35.885700776288
BDN	13.747834287638996
BDT	12.378427586206875
BDV	12.46983160621762
BDX	50.49922553946174
BE	211.04787953795395
BEC	41.55532797607908
BEE	14.119641833810892
BEN	49.85624082461344
BEO	15.286000000000017
BEP	15.908688524590186
BEZ	22.422860512659227
BFK	14.297086834733904
BFO	13.565074906367064
BFR	14.83384936211972
BFS	26.335039768618905
BFZ	14.269892623716158
BG	54.525607126113506
BGC	24.083615889896794
BGG	35.681270882123236
BGH	22.362262443438915
BGP	19.378260751961115
BGR	25.947883720930275
BGS	8.95742690058479
BGT	16.084675419401883
BGY	13.42826979472139
BHD	13.244915000000015
BHE	24.805809154066228
BHI	34.025896767466186
BHK	13.047883495145639
BHL	11.760199203187243
BHP	34.196060447239105
BHS	24.978156862745024
BHY	9.397595706618961
BID	17.758986116185625
BIE	14.798596222562539
BIF	6.4583024017467725
BIG	18.002105638829438
BIN	13.978109756097563
BIO	37.247604724409406
BIP	15.763320235756387
BJ	32.81837135614693
BJS	32.95052032520391
BJZ	14.706553808948017
BK	34.35750195160034
BKC	21.977004264392324
BKD	28.83745986779979
BKE	26.33905617977532
BKH	23.965822923173164
BKI	14.793791654998603
BKK	14.568901373283394
BKN	13.068835247246344
BKS	30.721829001700268
BKT	5.620724290453384
BLC	5.091172962226646
BLH	15.377273276904475
BLK	98.58202697495204
BLL	39.49731399157676
BLT	10.159196496572742
BLU	4.9234783365234005
BLW	17.139641119221377
BLX	24.00676510989003
BMA	23.291846153846112
BMC	39.283560575769734
BME	25.047626427406193
BMI	27.160839051777756
BMO	38.39321354166659
BMR	22.171890331890346
BMS	29.935117407639215
BMT	9.440139349701392
BMY	53.108952472166216
BNA	9.080716633793562
BNE	15.120335727670243
BNI	56.42442338072676
BNJ	15.227035480859012
BNS	39.986189735614246
BNY	14.753986928104593
BOE	23.41049831081083
BOH	34.90771696638005
BP	63.458505926015015
BPI	15.810869565217391
BPK	15.342998790810164
BPL	29.108770154373833
BPO	22.07360451977404
BPP	20.504314285714287
BPT	29.119382550335697
BPZ	6.744824561403518
BQH	14.980541092394121
BQR	13.653819095477395
BR	19.18429166666668
BRC	30.283929168058883
BRE	25.73439668646458
BRF	39.34327956989247
BRFS	38.58449811794234
BRO	29.926995575221177
BRS	21.433532934131406
BRT	10.79677419354845
BRY	20.43930840793366
BSBR	13.292352941176473
BSC	8.520952380952378
BSD	14.395156369183807
BSE	13.82894535519128
BSI	12.104860417278921
BSP	11.9626832579184
BSX	29.495838565022456
BSY	50.26155163188889
BT	59.31906313966363
BTA	11.693768844221117
BTE	20.6591030927835
BTF	14.18203520352035
BTH	28.57522047643196
BTM	17.46887276245762
BTO	9.937024665981497
BTU	46.009195979899516
BTZ	14.797845161290326
BUD	46.87084967320259
BVF	28.88627977698935
BVN	25.062127410870897
BW	19.12093544343461
BWA	47.21738308698821
BWF	24.23867924528301
BWP	26.646035613870648
BWS	20.450587041373993
BWY	12.052925373134341
BX	15.8596681749623
BXC	8.391158301158288
BXG	5.47549982020856
BXP	56.12956220472441
BXS	23.803770384866162
BYD	17.721613453570544
BYI	11.605129052564918
BYM	13.980759562841516
BZ	4.725410334346498
BZA	14.826712749615972
BZH	38.52411149825773
BZMD	24.849444444444444
CA	30.31555382215275
CAB	18.052192362093358
CACI	22.792083073079326
CAE	7.204051633298212
CAF	36.291023529411774
CAG	31.057676956657303
CAH	52.25604805450969
CAJ	45.89031302876482
CAL	27.736246706586687
CAM	50.93637996733806
CAP	9.999509379509384
CAS	16.438821695760748
CASC	25.795399002493735
CAT	55.37651118632981
CATO	14.273914479402071
CB	60.40375253549693
CBB	9.856426024955361
CBC	17.006078085148175
CBD	27.719755485893405
CBE	40.078525677200865
CBG	28.46653846153851
CBI	24.041395420792053
CBK	15.358168294849147
CBL	30.76577972709493
CBM	23.536759341243233
CBR	14.501191969887097
CBS	21.163474903474913
CBT	33.523342687870276
CBU	24.083691451031648
CBY	33.97176129234645
CBZ	7.225934893731504
CCC	13.852433991956614
CCE	21.28717896174874
CCH	30.25371811224491
CCI	22.443969465648863
CCJ	33.43810874013454
CCK	38.89910697380889
CCL	35.057378804960564
CCM	9.509999999999998
CCO	17.91486435921425
CCS	22.060396475770922
CCT	24.16915053763442
CCU	24.192637620051528
CCW	23.73668292682926
CCZ	43.00902723735407
CDE	9.54643643643642
CDI	21.34885416666665
CDR	7.43121991119416
CE	26.28727058823529
CEA	21.258095965770195
CEC	29.15388933280065
CEE	19.749231993633003
CEG	36.42024318004607
CEL	27.706307490144543
CEO	75.63969155118478
CF	63.45899559471384
CFI	9.042405265257269
CFL	28.068258258258272
CFN	23.953719008264464
CFR	37.44408709548514
CFT	98.42032092426186
CFX	13.143049327354255
CGA	11.467922077922074
CGI	13.097002242711172
CGO	14.730806302131619
CGV	19.922234280242577
CGX	34.35730154704543
CHA	42.14373614190683
CHB	13.273238623751396
CHC	11.982142857142858
CHD	31.643672124600677
CHE	32.7892726934525
CHG	31.947960784313345
CHH	28.780068697730098
CHI	16.94953124999998
CHK	19.46775404834539
CHL	40.21472662568751
CHN	19.245444896115686
CHP	19.914213557820407
CHS	21.120800376647917
CHSP	19.01571428571429
CHT	19.1910763454318
CHU	12.156261875258124
CHW	9.280077639751546
CHY	14.540751479289948
CI	72.48581769055752
CIA	7.192705575611658
CIB	15.470592248908293
CIE	14.242249999999999
CIF	5.305871866295358
CIG	24.031860465116278
CII	17.359041666666656
CIM	7.073057553956837
CIR	25.05309587986128
CIT	31.13181818181818
CIU	99.65451861360737
CIX	13.598125626461714
CJA	50.154244712990895
CJB	50.09555891238676
CJR	24.02010199918404
CJS	74.87937931034486
CJT	75.41662068965519
CKH	53.51499641577047
CKP	15.225286787299433
CKR	13.112921325878625
CL	44.56107292539789
CLB	41.01663052543792
CLC	26.34610155937627
CLD	14.96140350877193
CLF	37.5191050098058
CLH	16.98235376884422
CLI	31.705409920329014
CLNY	19.88714285714286
CLP	27.25812954876275
CLR	32.33247838616716
CLS	22.39492291880781
CLU	11.66375
CLW	31.98839464882944
CLX	53.910636510977156
CM	47.46218678815482
CMA	46.00533652885965
CMC	26.680242165241914
CME	315.134813578186
CMG	79.08133333333332
CMI	58.73261664564993
CMK	7.538410438908642
CML	14.116903553299496
CMM	3.7166756032171557
CMN	13.742869342442388
CMO	17.867886396011528
CMP	38.175267224726284
CMS	21.44537963693772
CMU	6.955575558248125
CMZ	7.838804554079691
CN	101.1173417721519
CNA	57.554649023721254
CNC	26.347760751359374
CNH	19.63158872901675
CNI	47.973062085593824
CNK	13.494978843441457
CNL	22.853638146167572
CNN	9.763571428571417
CNO	15.468726823238587
CNP	13.597683794466331
CNQ	48.027327766179496
CNS	24.95007220216606
CNW	28.120454365863136
CNX	36.42204872646725
CO	5.9109885386819565
COF	56.66668145056113
COG	26.117929656274978
COH	36.63008081667377
COL	42.52741801385677
COO	25.161163603219055
COP	42.8112757259653
COT	13.613923509561332
COV	42.932823179791974
COY	8.675790774299827
CP	27.407401335761534
CPA	38.959417382999085
CPB	37.63355254674402
CPC	7.338703703703703
CPE	9.906662553979041
CPF	26.232534902273557
CPK	20.596037096130804
CPL	45.33328148148146
CPN	13.292196969696965
CPO	31.96051391162031
CPP	23.90236098450314
CPT	35.55998800383883
CPV	19.92041958041956
CPX	18.08797086368366
CPY	20.50128659476122
CQB	16.333363713080164
CR	27.077340659340674
CRA	25.815841001104147
CRE	9.428530734632686
CRH	29.661855573732208
CRI	31.0420063091483
CRK	14.758932019308144
CRL	40.42050826446279
CRM	39.25481012658233
CRN	15.500453317322162
CRP	22.723457330415737
CRR	40.468291630716145
CRS	47.30098468660989
CRT	23.29855280600973
CRY	12.630079643944736
CS	44.72355981207079
CSA	14.982148148148118
CSC	50.011821131329135
CSE	17.79536912751679
CSH	16.493255521637575
CSJ	101.67884467265735
CSK	16.500431125131442
CSL	40.79842077087801
CSP	11.21333333333316
CSQ	12.35077807848445
CSR	11.712686116700205
CSS	27.717824305871655
CSU	6.553015564202335
CSV	8.262480433473831
CSX	44.48626776770016
CT	10.568616452991396
CTB	20.69604812834234
CTC	7.144166666666666
CTL	32.9394367201425
CTS	25.169496082620643
CTV	24.544714648065955
CUB	23.1782049819357
CUK	42.49062390670558
CUZ	22.061269969666263
CV	19.05497925311202
CVA	9.879993172508028
CVB	10.184929143561309
CVC	41.59347142224189
CVD	36.7058033282905
CVE	24.897999999999996
CVG	20.824419488597183
CVH	29.93012447257388
CVI	13.2770618556701
CVO	11.946588332872572
CVS	37.43937845085982
CVX	60.59866482322778
CW	46.015601851851905
CWF	9.250393431406096
CWT	32.77820901475877
CWZ	23.992377972465583
CX	27.9842135476464
CXE	7.350819388343986
CXG	29.23829268292684
CXH	8.810464086270029
CXO	28.470407523510964
CXS	14.04126213592233
CXW	24.739917695473213
CY	17.3929939094024
CYD	7.268462574044167
CYE	8.304192587690254
CYH	29.408621399176898
CYN	36.24633586261985
CYS	13.469107142857142
CYT	40.29792312105562
CZZ	8.723063209076178
DAC	18.433285371702656
DAI	54.902117896223174
DAL	11.435787965616036
DAN	5.919188679245288
DAR	7.918439616252845
DB	79.44105438066471
DBD	45.56908616556224
DBN	29.499233532934138
DCA	9.481228915662648
DCE	20.599767025089573
DCI	32.24695096322219
DCM	18.84177677677679
DCO	16.862267123287694
DCP	16.426761603375535
DCS	16.02813570487482
DCT	7.801122320302643
DCW	7.847890625
DD	96.26594482986073
DDE	10.7841426403642
DDF	11.73782297965918
DDR	30.250576294914207
DDS	35.22798227018681
DDT	20.159971840901033
DE	46.93990118577057
DEB	53.37274509803921
DEG	61.623272892112645
DEI	19.452345828295027
DEL	35.70035811836111
DEO	54.137408136482904
DEP	20.79211286089239
DES	45.22758169934639
DEW	51.568562091503196
DEX	11.74390624999999
DEXO	33.14333333333334
DF	33.157635201573214
DFG	32.551118161925665
DFP	16.94022012578616
DFR	8.94556416881999
DFS	15.020881913303445
DFT	13.386155172413787
DFY	24.149810201660724
DG	23.554827586206898
DGF	11.22689068825913
DGI	21.68833333333332
DGW	34.39993670886076
DGX	56.25784848484831
DHF	5.720067567567569
DHG	11.867625000000007
DHI	19.207141894926014
DHM	23.090501882057737
DHR	47.3658465655664
DHT	10.682732290708369
DHX	6.731218749999992
DIN	30.996720154043693
DIS	59.61820794450443
DJP	48.50174757281549
DK	14.20209915611812
DKC	23.861424627277728
DKF	25.448707653701383
DKI	23.611635944700474
DKK	24.585005780346876
DKL	19.203709959231222
DKM	24.345370138017618
DKP	22.408475533249693
DKQ	20.710326223337546
DKR	22.03590339892671
DKS	34.40639496717721
DKT	21.279594594594588
DKW	21.12893350062737
DKX	22.50701380175659
DKY	23.26767252195733
DL	5.854597402597403
DLB	32.10670926517576
DLM	10.051295693087186
DLN	48.93823529411763
DLR	32.57341666666667
DLX	28.20419366197191
DM	15.325370078740155
DNB	33.37756547619027
DNP	9.77020643385506
DNR	16.201634916121634
DNY	19.08248340707966
DO	54.007173007498054
DOLE	12.102739726027401
DOM	23.610850713501822
DON	46.905108932461886
DOV	44.26330970029047
DOW	52.31850215517225
DOX	31.457813141683726
DPC	23.459964071856277
DPD	18.02096265560161
DPL	19.568858552052127
DPM	29.308342857142886
DPO	13.581451612903233
DPS	22.89830699774267
DPZ	17.421423487544484
DRC	28.99355947136566
DRE	18.99823067309408
DRH	12.448327702702699
DRI	24.50808263570082
DRL	20.687776795580003
DRP	11.432031250000014
DRQ	33.78661049902783
DRU	26.849187500000006
DSF	16.757974238875864
DSM	8.992402687216002
DST	51.20288343558278
DSU	6.502653266331668
DSW	23.6972093023256
DSX	18.694100895036627
DT	22.823619391749432
DTE	18.00670620798751
DTF	13.469597989949758
DTG	23.343664698162712
DTK	20.469399999999975
DTN	48.13152505446624
DTT	19.74721362229102
DTV	21.06760700389104
DUA	21.044416058394138
DUC	12.302886201209486
DUF	17.767164685908302
DUK	37.26219137625587
DV	29.808573886857324
DVA	35.39345885634591
DVD	9.722726730310264
DVF	14.776621941594334
DVM	16.00409629044991
DVN	46.27554323725044
DVR	11.01772903225806
DVY	57.42818181818188
DW	16.68457442348013
DWA	29.14237772761471
DX	8.364370784351514
DXB	19.699825072886302
DY	18.229977422003294
DYN	14.689120019555123
DYP	8.607619047619046
EAC	28.734452880750332
EAT	28.669733023795825
EBF	13.113933262335843
EBI	17.49254189944135
EBR	14.706764705882348
EBS	13.196625615763525
EC	22.71902857142857
ECA	49.49871262037505
ECL	33.52470176068984
ED	32.186351511558534
EDD	14.965290780141837
EDE	18.368540588760016
EDN	12.458008534850645
EDR	12.059771293375391
EDS	7.755090909090911
EDT	26.70234972677595
EDU	59.41812865497074
EE	11.544284502862018
EEA	7.350779521940764
EEH	8.494047244094496
EEM	112.27205008736166
EEP	40.7937272926246
EEQ	46.09707383279034
EFA	91.0372033898305
EFG	62.047846441947584
EFR	16.491338885329938
EFT	15.963696275071648
EFV	59.67101321585901
EFX	26.00800927577597
EGF	17.71281860465117
EGN	25.069360311283987
EGO	5.2957416807670565
EGP	28.147700665187834
EGY	9.600772271207047
EHA	26.036695387734387
EHB	25.21525852585258
EHI	12.375304136253058
EHL	25.8251039026862
EIG	16.729199475065613
EIX	30.158787519747197
EJ	15.66717460317459
EK	68.56402048232565
EL	43.70436205931733
ELN	30.85580266075398
ELP	8.896475800954331
ELS	30.83171354899207
ELX	24.230604790419328
ELY	19.998609388839675
EM	15.887822580645167
EMC	26.024496153124684
EMD	10.304640522875815
EME	33.82179003658886
EMF	11.81529179030664
EMN	51.63968773051406
EMO	25.75886845039017
EMQ	25.16433589462127
EMR	51.42477131564118
EMS	29.40490403071019
ENB	31.36821321621057
ENH	33.934284897025115
ENI	17.347614634146286
ENL	27.67104364326375
ENP	18.96611202635915
ENR	50.765790322580614
ENS	17.707570093457964
ENT	8.505730633802814
ENZ	16.586380994671575
EOC	21.45615463389658
EOD	13.794702627939142
EOE	13.911473118279567
EOG	42.4628407096894
EOI	17.679646616541365
EOS	17.16497237569059
EOT	19.576853932584278
EP	26.920743453173515
EPB	20.57510869565219
EPD	26.338294198895007
EPE	32.80264942016059
EPL	8.666421052631579
EPP	83.02216306954463
EPR	30.885097783572274
EQR	34.976840202458405
EQS	8.824031629612609
EQT	35.49960934712812
EQY	16.704241086587423
ERF	31.279956840742308
ERJ	30.02252816020025
ERO	55.53277673545972
ES	13.537626811594205
ESC	12.5291928251121
ESD	17.271163987138255
ESE	26.553691991786543
ESI	46.49942525705245
ESL	22.77135820096377
ESS	61.59572017592072
ESV	28.411114576835303
ETB	17.472174273858947
ETE	29.263861386138654
ETG	19.735204216073807
ETH	32.03422290148132
ETJ	17.69031298904539
ETM	32.627991329479805
ETN	69.92456083803377
ETO	23.763071030640706
ETP	33.946025078369956
ETR	33.147991531404365
ETV	16.788881239242667
ETW	16.04813207547172
ETY	15.207823383084573
EV	32.97831702934733
EVC	8.493850983675193
EVF	8.032345460967845
EVG	16.25290865384617
EVN	13.862762968299675
EVR	23.241560364464686
EVT	21.10979400749063
EW	40.75944490472242
EWD	20.63083428899073
EWH	12.479584288990907
EWI	22.216998279816284
EWJ	11.354650229357686
EWK	16.258973623853226
EWL	17.037821100917387
EWM	7.776029243119219
EWN	20.8575917431193
EWP	31.840255160550086
EWQ	22.86233658256889
EWS	8.208701261467981
EWT	11.90910330578515
EWU	17.685765481651366
EWY	33.40992650061245
EWZ	33.959467996674945
EXC	33.68119799894633
EXG	14.030538243626054
EXH	43.12028938906753
EXI	51.04168831168833
EXM	12.751865079365091
EXP	37.92940541896619
EXR	14.20713251267198
EZA	81.29575829383896
FAC	6.453408873284367
FAF	28.67039920159697
FAM	16.45100000000002
FAV	13.188800000000006
FBC	15.05174035747884
FBN	19.97741046831949
FBP	21.463267304696135
FBR	19.432131622516568
FC	13.04155955056176
FCF	16.40117726353642
FCH	17.400299462503163
FCJ	21.168835098335883
FCN	25.77163324614934
FCS	18.143756633813492
FCT	15.480508356545975
FCX	36.892129049822906
FCY	22.29226214238195
FCZ	19.939949811794246
FDG	47.55561809045228
FDI	11.483557898498972
FDO	21.52246699964326
FDP	19.993426256077868
FDS	41.98801517805001
FDX	62.25519762845858
FE	41.67955194805176
FEO	16.78255491329478
FEU	37.89916213275297
FEZ	41.68418389553856
FF	8.997602568676403
FFA	15.760954810495637
FFC	19.54785067873304
FFD	10.40711428571429
FFG	24.488368127021438
FFH	196.95458689458653
FGB	9.149266862170093
FGC	24.98432598039218
FGE	26.093256198347113
FGF	16.012101576182122
FGI	15.373394004282689
FGP	20.48365115687762
FHI	13.096821366024507
FHN	32.67035378772744
FHO	9.054564315352703
FHY	12.82848920863309
FICO	36.198908287293044
FIF	24.396797604790393
FIG	12.061403973509945
FII	28.910810994231408
FIS	33.77824279641004
FIX	9.939592803030287
FJA	18.490600924499216
FL	26.511044363205013
FLC	18.603946047678747
FLO	21.75461771520235
FLR	63.90511130510687
FLS	32.76435251798567
FLY	11.08134453781512
FMC	52.24181774193559
FMD	29.449670468947982
FMN	14.313405797101465
FMO	19.527271317829456
FMP	11.576258503401364
FMR	17.123052884615394
FMS	30.541803863298618
FMX	47.25226440677965
FMY	16.81538006756756
FNA	5.870663507109004
FNB	21.316025791324776
FNF	18.75788745387452
FNM	41.17518212317278
FO	31.99891338205335
FOE	23.15597038886909
FOF	14.305373134328375
FOR	16.662564575645742
FPL	45.22597234611986
FPO	20.42011994949498
FPT	13.21166109253066
FR	27.572974554707564
FRA	16.451518987341746
FRB	15.819612625538003
FRE	53.93645040315016
FRM	7.444494506850754
FRO	31.489630149812708
FRP	11.20036478984939
FRT	34.82171596578685
FRX	47.528181487544074
FRZ	16.593719081272084
FSC	9.236052631578943
FSR	11.695173370319
FSS	18.494314005352425
FST	19.53394278855773
FT	5.806858739641549
FTE	44.82170929103277
FTI	39.93303086135429
FTK	19.078073555166352
FTO	13.516471433704712
FTR	14.620395344170104
FTT	20.41444444444444
FUL	37.04853493013995
FUN	20.53587763110944
FUR	9.884880760553951
FWF	21.594446064139944
FXI	80.37297539149881
GA	9.145061295971965
GAB	7.267638244737785
GAH	24.50643256185161
GAI	5.883096291255538
GAJ	22.306157635467947
GAM	26.136225624496632
GAP	24.301935483871134
GAR	25.840361635220116
GAS	30.2987668653905
GAT	28.70539249146756
GB	25.949582445675297
GBB	45.62551594746717
GBE	5.589260651629075
GBF	102.51492903225804
GBL	38.365059804276946
GBX	16.21487506374302
GCA	10.455640326975459
GCF	16.53741052631577
GCH	12.551655733996808
GCI	51.92932903225807
GCO	14.864713180792918
GCS	14.278543976348857
GCV	8.814663183942848
GD	48.4782734243948
GDF	12.081355653128231
GDI	27.008380760513788
GDL	15.323073654390928
GDO	19.71999999999999
GDP	9.59062410071945
GDV	17.371229980781575
GE	64.77540259311229
GEA	23.651519756838905
GEC	24.703992226540795
GED	23.977653701380127
GEF	42.65201027984014
GEG	23.611222826086927
GEJ	23.30638888888886
GEO	22.030000000000005
GEP	22.88852564102562
GER	24.821867881549007
GES	20.37921285377357
GET	28.63482945904852
GEX	36.550907780979855
GF	8.744677898909806
GFA	27.542216142270856
GFF	14.403207806487053
GFI	11.105344463228937
GFW	23.295003178639607
GFY	15.86628571428571
GFZ	22.816268951878694
GG	16.544311196487076
GGB	15.676993083363648
GGC	21.02966511627903
GGG	29.59747982515083
GGT	8.677687861271597
GHI	12.731153242677824
GHL	58.67760689655172
GIB	9.357926186291754
GIL	28.20794057377059
GIM	6.2701541251133275
GIS	49.831522321428274
GJB	23.77178100263846
GJD	20.396317880794705
GJE	22.93173652694613
GJF	23.929931034482774
GJG	21.538385345997327
GJH	8.360248104755348
GJI	24.45474540311174
GJJ	23.51194188518784
GJK	23.177632075471802
GJL	22.474500000000013
GJM	20.718361792956234
GJN	19.387603773584846
GJO	20.757603773584908
GJP	18.406547842401505
GJR	16.78296435272046
GJS	17.682037815126055
GJT	14.41800314465408
GJV	19.915298742138337
GJW	8.875748031496066
GJX	24.583243243243253
GKK	18.079503953989953
GKM	20.298064146620845
GLD	71.69495433789949
GLF	27.88199749921851
GLG	7.317002617801046
GLP	22.412915904935996
GLS	13.887496774193545
GLT	14.21213143872115
GLW	44.11731734837853
GMA	21.402628494138845
GME	30.44131906421114
GMK	7.363971449487545
GMR	22.75863322595493
GMT	34.75723282783223
GMW	24.950000000000433
GMXR	18.668165548098422
GNA	9.246121076233194
GNI	58.52250852323717
GNK	32.64991266375543
GNV	7.423466850828724
GNW	23.77873347251217
GOF	14.819311424100151
GOL	22.122300635144683
GOM	18.345797827903105
GOV	22.42313953488372
GPC	31.97975317765305
GPD	24.45540150564618
GPI	27.124972411554808
GPJ	24.72675471698115
GPK	4.722626886145403
GPN	42.605890596745105
GPS	32.71270840661314
GPU	25.407216494845372
GPW	23.917308707123972
GPX	7.037574950033302
GR	36.348643548387045
GRA	10.24061405985319
GRB	12.113962231462205
GRE	17.279699029126213
GRO	4.138783068783068
GRR	12.084493748467812
GRS	9.084490426189001
GRT	18.547382483918767
GRX	6.297294832826748
GS	121.07918978912353
GSC	52.86292682926828
GSG	42.6996308724833
GSH	15.497742683280203
GSI	4.567771565495201
GSK	38.012407531943296
GSL	2.6650938337801615
GSP	42.48002344665884
GT	30.746369294605987
GTC	210.05076449912121
GTI	17.404936882546654
GTN	8.455408872260833
GTS	16.28844322344321
GTY	18.693449982325696
GU	5.641078066914493
GUI	24.747408805031444
GUL	24.061430363864524
GUQ	23.93232525951557
GUT	8.860629001883243
GVA	28.30236906077331
GVI	103.14065806451622
GWF	22.385150564617334
GWR	25.586071741032516
GWW	57.47745856353596
GXP	27.68028510334936
GY	9.725195618153329
GYA	21.976834239130472
GYB	20.322265734265784
GYC	19.881660377358493
H	29.97453125000001
HAE	31.338020347604974
HAL	32.733714890613975
HAR	46.93429347826085
HAS	25.91174928954844
HAV	10.131498864496596
HBC	70.45652583930598
HBI	23.48974477958236
HCC	26.281745152354645
HCE	16.209963768115937
HCF	13.327942794279428
HCH	106.28546424090317
HCN	28.966138833443413
HCP	32.039795081967135
HCS	24.32608695652171
HD	40.36721980074736
HDB	55.190013972985646
HE	27.22037995005349
HEI	22.9745686228665
HEK	6.36041218637993
HEP	38.54982954545456
HES	52.36666272539144
HEW	30.34170616113744
HF	7.5997375328083905
HGG	13.539192546583855
HGR	9.5136389875666
HGT	19.9538444607482
HHS	22.77376960784308
HHY	9.683004824259147
HI	19.55658174097663
HIF	11.937349310094307
HIG	62.75648846370306
HIH	11.711163767246573
HIL	7.398618944323936
HIO	7.368466190214411
HIS	5.5129845753578
HIT	69.4703108069573
HIW	26.129424150177556
HIX	10.844808279606367
HJA	21.816223776223765
HJE	23.884558629776055
HJG	21.33962790697673
HJJ	21.81107526881722
HJL	21.588346020761257
HJN	21.557886792452827
HJO	21.749879903923162
HJR	17.107562893081745
HJT	23.95047169811319
HJV	19.41589779005525
HK	16.629436519258213
HL	8.23726406101049
HLF	33.335366795366795
HLS	18.006823666796414
HLX	30.319675181330865
HMA	20.65113274706865
HMC	44.58441503440972
HME	34.21443734015335
HMH	8.054005876591571
HMN	22.05989526511027
HMY	9.585636525877375
HNI	30.24261547690437
HNP	26.863410150181316
HNR	9.367562364957784
HNT	29.819665071770324
HNZ	36.26577111286512
HOC	29.583345898004218
HOG	41.405008919015344
HON	42.00407528156589
HOO	7.3118359375000015
HOS	30.078646820027032
HOT	26.935989276139203
HOV	19.46315331399244
HP	32.11608811987167
HPF	21.659232468249602
HPI	21.38682587666259
HPQ	57.256247419274764
HPS	19.662510460251045
HPT	31.63789300411505
HPY	21.871312056737604
HQH	14.148305785123865
HQL	13.506029970923723
HR	26.845407653910197
HRB	37.58707679180915
HRC	41.47419728861927
HRG	11.189188470066517
HRL	26.466238640853454
HRP	8.086869721473489
HRPN	19.190217391304344
HRS	31.49598588567399
HRZ	15.538089171974534
HS	17.85327056491576
HSA	10.51191034482761
HSC	41.08746079828939
HSF	8.636922665716325
HSM	11.772081138040031
HSP	37.662064693737015
HST	10.628898906296138
HSY	50.412218820496946
HT	7.540922454979795
HTB	24.777791762013738
HTD	16.190782085561494
HTE	21.348053811659206
HTH	11.906183510638325
HTN	22.95294422827497
HTR	7.185713155291796
HTS	26.18816964285714
HTX	17.991824981301416
HTY	13.560753768844204
HTZ	13.327299630086316
HUM	28.25943449442929
HUN	17.044087649402393
HVT	14.107235136343313
HW	14.680374347069074
HWD	16.445454753722863
HXL	13.889778650482024
HXM	38.43580622347949
HYA	23.96011749347258
HYB	4.152678700360995
HYC	6.650309446254068
HYF	5.887710760795076
HYH	22.21073301950234
HYK	22.026060606060632
HYL	22.007560303239188
HYM	24.56189357290949
HYT	12.237603795966784
HYV	12.829781234807985
HYY	24.457839622641508
HZD	24.871053459119484
HZK	24.920410764872518
HZO	15.108085324232063
IAE	18.31096818810511
IAG	8.147128174123315
IAI	39.390781414994755
IAK	39.649598732840566
IAT	35.753621964097185
IBA	14.897775994865157
IBI	19.526617760617757
IBM	194.39210421999843
IBN	21.911568708609277
ICA	13.236819701359563
ICB	12.663072580645206
ICE	105.121260583255
ICO	5.904433962264148
ICS	13.942854006585925
ID	8.137352674524042
IDA	29.67832425995237
IDC	14.279791373651763
IDE	20.01
IDG	19.057521079258006
IDT	11.61778030993621
IDU	73.3194469665703
IEI	108.71584985835692
IEO	54.126779303062236
IEP	20.681535613540202
IEV	70.01674040066767
IEX	30.71238012374315
IEZ	48.90481520591341
IFF	39.0159011997177
IFN	20.37241104752428
IGA	17.0194511627907
IGD	16.7479771615008
IGE	91.98952542372871
IGI	19.81908496732027
IGK	18.662653562653535
IGM	45.93378354203921
IGN	26.9157344632768
IGR	14.165140374331576
IGT	32.729195608782426
IGV	39.287905248490475
IGW	53.64188109614493
IHC	11.401217564870253
IHE	50.88822597676878
IHF	49.032724392819404
IHI	51.3148785638859
IHR	3.7763070539419092
IHS	45.480384976525805
IIC	12.961542480066004
IID	13.284103852596308
IIF	20.02668082846517
IIM	13.070461792193502
IIT	22.972683116883083
IJD	25.368071348940873
IJH	90.5347109471095
IJJ	84.05114774624388
IJK	96.03734974958263
IJR	90.7669085690858
IJS	77.47250834724547
IJT	91.48088480801324
IKJ	24.644165298303246
IKL	22.901318347509143
IKM	23.27457901554406
IKR	23.82523088023087
ILF	112.02403405754579
IM	19.64298619447778
IMA	22.950664901441595
IMB	13.882526997840198
IMC	14.493043114273808
IMF	16.63634401114205
IMN	27.76732612507308
IMS	13.328699119912082
IMT	12.908146427781467
IN	16.324486556527393
INB	12.906431924882636
IND	23.009466750313678
ING	37.47708446047522
INP	57.642563451776674
INT	22.63458460288454
INZ	23.68496939343355
IO	14.066993477803363
IOC	27.692681318681316
IOO	60.962870169344114
IP	34.79379794385151
IPG	30.990213827512786
IPI	31.323509933774783
IQC	12.611789154968376
IQI	13.253386476085781
IQM	12.628152831226013
IQN	12.871487376509199
IQT	11.958237456747414
IR	42.448572580645305
IRC	14.14881461061337
IRE	50.28979185251262
IRF	23.563915447734644
IRL	13.042532506501267
IRM	32.683250212524854
IRR	16.79021765417172
IRS	17.013760683760715
ISF	17.56710447761193
ISG	20.113642143505917
ISH	16.533595139943785
ISI	97.30403416557166
ISM	17.067852147852157
ISP	21.730667514303917
IT	21.44985183385962
ITA	53.01070749736006
ITB	22.56350580781411
ITC	42.131653543307074
ITF	90.96564617314941
ITG	33.0363522727273
ITT	52.51982298398432
ITUB	37.06390109890101
ITW	57.28397431323578
IVC	28.485551110222072
IVE	59.755149651496595
IVN	8.629112388250308
IVR	21.409084967320258
IVV	118.86952127659573
IVW	58.898323083230906
IVZ	32.35480827586215
IWA	17.629618902439024
IWC	47.908076241134715
IX	66.12328170028793
IXC	75.30070217917708
IXG	61.698130750605316
IXJ	49.70424697336564
IXN	50.205772397094414
IXP	51.876677966101624
IYC	55.92297062474128
IYE	66.60643298969072
IYF	83.77476834768332
IYG	94.5744178364986
IYH	60.38434226804133
IYJ	53.91920615128853
IYK	50.36621030927837
IYM	49.09168799009484
IYR	76.25971122112212
IYT	73.491068852459
IYW	53.31839198036014
IYY	56.723513402061684
IYZ	26.376039360393634
JAG	8.262180645161287
JAH	25.595797922568448
JAS	22.223638095238105
JBI	25.800497711670477
JBJ	22.717661290322567
JBK	20.443186141304373
JBL	26.61139363722709
JBN	19.331586666666663
JBO	22.5784019539428
JBR	18.671827195467415
JBT	13.576163682864449
JCE	13.511286307053936
JCG	34.459569060773454
JCI	49.73402489626572
JCP	37.79598249576504
JDD	14.167303370786515
JEC	41.174758607044105
JEF	32.1284008784188
JEQ	8.32545805864965
JFC	12.285968325791895
JFP	9.732520391517136
JFR	11.923548168249653
JGG	17.570530386740312
JGT	16.32168330955775
JGV	17.019708193041517
JHI	14.891245362155198
JHP	12.202746518105887
JHS	11.73847439353101
JHX	25.167497603068078
JKD	67.23108896797143
JKE	59.4107829181494
JKF	67.9150960854092
JKG	71.07385765124553
JKH	76.59761565836286
JKI	70.80679003558713
JKJ	72.42390035587191
JKK	66.65040569395012
JKL	68.6972455516013
JLA	16.105084459459462
JLL	39.689508716323324
JLS	25.288979591836743
JMP	7.582239884393071
JNJ	71.29354771784223
JNPR	50.4393675149699
JNS	20.928131459280664
JNY	30.80226299045601
JOE	41.94337990685299
JOF	9.408731045490864
JPC	11.653109438332397
JPG	15.820349716446119
JPM	46.08154441913472
JPS	12.468647629310345
JPZ	16.423827067669187
JQC	11.436452581032407
JRN	11.116380062305298
JRO	11.739053084648479
JRT	15.042303609341712
JSM	20.36622886866063
JSN	16.27949486977112
JTA	18.43428853754944
JTD	12.379166666666672
JTP	12.182372262773738
JTX	21.334242424242426
JWF	21.94980795610426
JWN	35.69221886031267
JXI	55.16055294117646
JYN	61.085290806754244
JZC	21.485458221024242
JZE	23.60428665785996
JZH	21.793475130890048
JZJ	23.916357786357732
JZK	21.405600762873522
JZL	24.046758620689634
JZS	22.22117092866756
JZT	23.556662180349957
JZV	22.755031367628625
KAI	15.93620803522299
KAR	14.041282051282051
KB	52.39094202898547
KBH	29.290596935139334
KBR	25.12362515413073
KBW	27.349252450980345
KCC	23.769736511919657
KCI	44.68161096256678
KCP	23.85656947261665
KCT	25.371939890710355
KCW	21.765025011368774
KDE	12.267969654621666
KDN	31.96801718968614
KED	19.47997649823738
KEF	6.5630439276485815
KEG	10.00897668100519
KEI	15.628323725055292
KEP	15.121056466302376
KEX	27.054017645792957
KEY	27.011061362825497
KF	20.839901890831214
KFN	15.478932874354559
KFS	12.677772349780172
KFT	32.19170271514028
KFY	17.12042406669086
KG	21.75742387957577
KGC	7.668818631277741
KGS	19.160047468354424
KHD	16.670343857455457
KHI	5.948314418604648
KID	17.624623694634508
KIM	33.05641422959404
KKD	23.151128640776683
KLD	52.34063981042653
KMB	56.27473875295984
KMM	7.377432075471678
KMP	41.27445425724628
KMR	44.22396355353076
KMT	34.8676092774309
KMX	19.185410036719663
KND	27.877934621099534
KNL	15.99412808641975
KNM	24.078913513513527
KNO	23.06298607529653
KNR	25.28303011292349
KNX	20.30988725747244
KO	66.5900751507139
KOB	25.430756380510417
KOF	28.69189968500122
KOP	29.17220355731227
KOS	25.227671641790998
KR	27.679138034239287
KRA	14.222
KRC	36.073527973096915
KRG	12.934410701373832
KRH	22.146983546617943
KRJ	23.35979470802922
KRO	25.671643041237118
KS	6.27454177897574
KSA	24.258571428571422
KSK	19.566708407871182
KSM	12.013795957651052
KSP	30.69292156862747
KSS	53.76517264574007
KST	12.776210121012076
KSU	34.274445237245786
KT	24.001864532936317
KTC	24.037163786626554
KTF	10.01252842551547
KTH	27.37112588652479
KTN	25.57805787781347
KTP	21.97674418604652
KTV	26.3223414634146
KTX	22.916125984251938
KUB	53.87872941822193
KVF	24.132107904642428
KVJ	25.591076680672295
KVN	23.357582710779088
KVR	23.93059188275088
KVT	24.412992471769122
KVU	18.679259723964883
KVW	24.689209919261774
KWK	16.21166740576504
KWR	19.607536926147812
KXI	54.435482352941115
KYE	23.324173838209983
KYN	26.459257057949525
KYO	94.60204027084806
L	74.0284830374406
LAB	14.505302152317856
LAD	18.271027439024383
LAZ	37.88758131776479
LBF	7.119354151880776
LBY	22.45104961832074
LCC	23.415442114858703
LCM	15.226321202531642
LDF	13.149815315315239
LDK	25.613362831858396
LDL	17.131571371451447
LDR	32.10944841447074
LEA	67.97145161290322
LEE	26.264065345474037
LEG	27.839930506058593
LEN	31.513191375622917
LEO	9.578911733427603
LF	13.680142555438238
LFC	50.05579560155238
LFL	18.072083469188108
LFT	22.356406249999978
LG	29.500370634354795
LGF	6.112193450114241
LGI	18.2733172413793
LH	37.66797514033748
LHO	22.41337386018237
LII	21.968807097017777
LIZ	31.135601548039777
LL	14.867345132743365
LLL	70.17086616847828
LLY	67.98786177715066
LM	44.35047754811119
LMI	29.039683698296823
LMT	56.01189991619811
LNC	43.374629600626406
LNN	30.975836334533803
LNT	24.340932446999638
LNY	20.743282645426042
LO	69.70995238095239
LOR	16.717108433734964
LOW	37.92076861102164
LPL	18.285586552217453
LPS	32.76356097560975
LPX	20.746602202145727
LRN	21.259261992619916
LRY	30.534106652006688
LSE	8.867275792312867
LSI	18.923053963233997
LTC	13.668387243735692
LTD	21.707200000000004
LTM	35.57431948424072
LUB	13.062391935483836
LUK	27.49663418155577
LUV	23.769814375986854
LUX	28.842753766851544
LVB	22.81382257589154
LVS	53.6480231660232
LXK	54.50007829977629
LXP	13.378414247377378
LXU	9.03174327122153
LYG	30.94788172564224
LYV	14.809403272377281
LZ	34.97024438102041
LZB	21.208941134242078
MA	167.98689174705257
MAA	33.43693508424113
MAC	36.28076192855362
MAD	11.784911440880755
MAG	9.82743881287338
MAN	34.02834418604651
MAR	35.047641900122024
MAS	28.178716919417035
MAT	19.03171230942968
MAV	13.76758207070707
MAY	10.275450819672166
MBI	48.73178464781322
MBT	53.28804149377596
MCA	13.295460889793576
MCD	49.22843706777391
MCI	20.34442704970949
MCK	46.280133159269035
MCN	12.343989935298358
MCO	48.46091606305918
MCR	9.10294071146244
MCS	18.31766018423753
MCY	41.82666467065869
MD	44.491687413554686
MDC	25.096379187455483
MDG	16.640747368420847
MDP	39.798744763132596
MDR	21.703032747217335
MDS	17.33816980508755
MDT	58.01330886504808
MDU	22.39297003210832
MDZ	15.434716590815027
ME	19.440110110110126
MED	5.199399265477438
MEE	32.594722809987374
MEG	38.812751662970896
MEI	14.360657474020815
MEN	9.046802852187314
MER	19.25145776566759
MET	40.61763658940398
MF	12.065046874999982
MFA	7.261024258760124
MFB	14.926847161572057
MFC	31.889388931591068
MFD	19.90866896551726
MFE	29.20636698091517
MFG	8.645348837209296
MFL	13.449337855297168
MFM	6.753432037103082
MFT	13.768449506037165
MFV	9.563017411950906
MFW	14.952729002446246
MG	13.511428571428569
MGA	52.270445109780766
MGB	8.050506747452504
MGF	5.450548567435374
MGI	16.396008676789574
MGM	34.16201424614183
MGS	6.054690842682014
MGU	22.138124999999963
MHD	14.278664158043236
MHF	7.122919637695125
MHI	13.718958207147192
MHK	45.18268939393947
MHN	13.44453578336558
MHO	25.206794777038777
MHP	60.72014179825968
MHS	52.817708845208834
MHY	7.2275481033535
MI	39.19381912557401
MIC	25.52112142304718
MIG	10.679154019111847
MIL	45.777118139534934
MIM	26.220380774032535
MIN	5.47575104185538
MIR	28.337738791423014
MIY	13.937618002195295
MJF	25.810348027842238
MJH	23.81840652446674
MJI	13.815259095920599
MJN	37.10587999999999
MJT	24.75906524466748
MJV	24.41166494845363
MJY	24.33173410404625
MKC	30.568814371257027
MKL	190.23365500603083
MKS	20.89934842628385
MKV	24.50233449477352
MLG	23.840025823111702
MLI	30.618281707827784
MLM	55.492954658694465
MLP	24.108772051193355
MLR	11.4877845996418
MMC	66.41537578475311
MMM	81.13780379371576
MMP	40.467483206448655
MMR	14.11971946022731
MMS	33.16578036500939
MMT	4.9937026138133715
MMU	9.905379045032847
MNE	12.947090687766288
MNI	32.14564897326618
MNP	12.877505241090196
MO	63.10762003556604
MOD	25.518239520958055
MOH	31.112755716004838
MON	56.495901498929435
MOS	43.48002250562642
MOT	50.365667424877735
MOV	19.9861019417475
MPA	13.983322059376142
MPG	22.454523095380964
MPJ	24.419736511919726
MPR	13.65570615728515
MPS	10.394369925873653
MPV	8.898545805207364
MPW	10.683896103896103
MPX	10.322195013357085
MQT	12.032759758108979
MQY	13.137539857064299
MR	30.189363207547192
MRF	7.027169011370231
MRH	23.730891684901476
MRK	76.65579924916003
MRO	21.864541320680246
MRT	10.34141153081513
MRX	31.15343840177554
MS	56.17048677743969
MSA	45.69904191616781
MSB	7.031517488789232
MSD	9.710867178924357
MSF	14.494624076488467
MSJ	21.889792899408324
MSK	19.74685050798255
MSM	31.163921237693383
MSO	15.396622823984513
MSP	16.21315352697097
MSY	9.11016739846322
MSZ	21.048100490196067
MT	24.893500000000007
MTA	22.69439087947877
MTB	184.4348691325982
MTD	53.965403908794926
MTE	6.187026348808025
MTG	48.709748819235514
MTH	22.522410865874317
MTL	34.674371212121194
MTN	27.124421664626695
MTP	14.046454545454548
MTR	46.39430672645772
MTS	13.567485078238365
MTT	20.40995433789953
MTU	8.646414913957946
MTW	31.724516516516456
MTX	45.835525408139794
MTZ	15.366191999999964
MU	27.977727185766128
MUA	12.210731170973059
MUC	13.572404426559366
MUE	12.436664233576673
MUH	13.170638582413936
MUI	13.702568472306778
MUJ	13.915221888555203
MUR	42.309676322790345
MUS	12.685433310765049
MVC	11.317357083678544
MVL	17.86716359773372
MVO	19.39690909090907
MVT	13.170698185816388
MW	27.4080013368984
MWA	10.086702470461855
MWE	36.081610991379264
MWG	22.610164609053495
MWO	21.200112923462957
MWR	22.695433526011602
MWV	31.141579371474407
MWW	35.960479514415766
MXB	26.79809269162206
MXE	11.222267074413855
MXF	18.319520560244264
MXI	61.299905882352896
MXT	7.434275862068972
MYC	12.51708194536974
MYD	12.337028921998181
MYE	15.59500888494
MYF	13.843105741520738
MYI	12.4934263392857
MYJ	14.342731139466945
MYL	22.599290576853832
MYM	12.251855072463773
MYN	13.813090909090912
MZF	12.636580928481793
N	15.913556797020481
NAC	14.16729065872721
NAD	14.166479344994396
NAI	21.59751867219918
NAL	13.910502376103175
NAN	14.350822478600723
NAT	24.501498874236017
NAV	22.668902728351316
NAZ	14.756846871569683
NBG	7.246911764705904
NBL	31.179210897797827
NBR	27.43470575916241
NC	64.11895322580669
NCA	8.268860646996066
NCI	19.067538185085375
NCL	13.349603960396038
NCO	13.640243581303515
NCP	12.936391528107675
NCR	34.83905900151288
NCS	26.206521836506155
NCT	19.45096666666666
NCV	13.503485813549524
NCZ	12.808461070559622
NDN	23.54394484760513
NE	30.695797362110333
NED	5.358241379310339
NEM	34.750579367425324
NEU	17.57018623481768
NEV	14.341585365853655
NFG	30.208257254069487
NFJ	20.515413654618467
NFP	32.54206960845249
NFX	36.71569325153372
NGG	60.828303886925845
NGLS	21.66054304635761
NGS	13.721672113289747
NGT	21.128081778265717
NGZ	15.700101180438436
NHI	21.65278994146983
NHP	19.11686407420626
NHS	13.364744525547477
NI	19.152757647058905
NIE	18.412327469553468
NIF	13.21679666958814
NIM	10.002370085235095
NIO	13.099796844607837
NJ	27.036481056257184
NJR	29.160926724137767
NKE	58.02264794205945
NL	12.093349098433382
NLC	20.116960486322178
NLS	18.52157154026583
NLY	14.10502098805296
NM	6.986487119437934
NMA	12.781111770524209
NMD	11.865722326454035
NMI	11.477562851782176
NMM	12.260337477797508
NMO	12.526537462537492
NMP	13.467147974648679
NMR	14.392081081081063
NMT	14.868743139407108
NMY	14.007268976897695
NNA	9.224353233830842
NNC	14.268880926130104
NNF	14.276506586169019
NNI	23.318437701743044
NNJ	14.015345634811368
NNN	15.27471151926514
NNP	13.435563254800977
NNY	8.127940967283058
NOA	12.344064436183391
NOC	52.29561467889909
NOK	42.50849395973176
NOV	40.00583508245879
NP	25.83583141762455
NPC	14.741130625685773
NPD	8.025982300884946
NPF	12.791694432266599
NPI	11.91766153268218
NPK	38.9567547644733
NPM	13.599967014843326
NPO	24.680294725956568
NPP	12.254249373675089
NPT	12.14795766904892
NPV	14.885508800880144
NPX	12.163400219901016
NPY	12.96793511135554
NQC	13.53177370030573
NQI	13.099472700851154
NQJ	13.33683780385584
NQM	12.793532982598142
NQN	13.37974560496379
NQP	13.312770326906964
NQS	12.917761884728604
NQU	12.875962481347251
NR	11.784666084679165
NRC	23.1947577388964
NRF	9.213320811420001
NRG	37.30187540141292
NRN	24.79992472495654
NRP	39.34342562432134
NRT	20.3790547085201
NRU	22.821645056726094
NS	49.64862053369518
NSC	40.030517191977054
NSH	25.33153932584271
NSL	8.070965490500178
NSM	20.188019746120776
NSR	26.779750215331624
NST	32.584014348097
NTC	14.94927277716786
NTE	15.10551029444317
NTL	12.190336372209975
NTT	32.95870734229619
NTX	14.645373943203673
NTY	19.39252386882527
NTZ	16.84363054303996
NU	16.71112462954294
NUC	13.585728621291471
NUE	54.54097780443956
NUM	13.528900716923717
NUN	13.842858713578867
NUO	14.629928041866554
NUS	16.47546879710584
NUV	7.932532865907061
NUW	15.586431535269707
NVC	13.246823779193159
NVE	19.35425237405448
NVN	13.229295116772768
NVO	51.39663960113974
NVR	201.97419191919
NVS	54.79892621475688
NWE	23.755196304849868
NWK	11.129446906918437
NWL	27.13776086956535
NWN	28.71258696521403
NWS	25.94610881666364
NWY	11.128936011904775
NX	25.346500269348176
NXC	14.14494599459931
NXN	13.785693069306822
NXP	13.22057752110171
NXQ	12.81825930910723
NXR	13.172984048404842
NXY	27.897024390243732
NY	64.10042090970799
NYB	28.33118079372855
NYC	71.21756958587927
NYM	22.7613313373247
NYT	30.63598349612672
NYX	50.928806941431574
NZ	10.329079563182523
NZT	32.64552254755306
OB	18.32177696078431
OC	23.13995133819951
OCN	11.762535043244844
OCR	26.52748647673978
ODC	15.946443113772588
ODP	21.835687450039995
OEH	25.226539589442773
OFC	20.387231064763988
OFG	18.871333333333357
OGE	26.068143293230328
OHI	13.984334695731155
OI	20.481921225382905
OIA	6.927803833984761
OIB	6.990857748650668
OIC	8.546537403740338
OII	26.335762475050238
OIL	41.22631278538815
OIS	24.47058510638295
OKE	23.34149516129018
OKS	37.03087642631687
OLA	14.17157142857144
OLN	27.93129287125156
OLP	14.353175166296555
OMC	58.27531880871487
OME	6.299983193277315
OMG	34.9372749451085
OMI	41.63450074515653
OMN	5.267526923076929
OMX	29.201816513761447
ONB	28.356892215568983
OPY	21.723970217062057
ORA	35.47234042553186
ORB	16.27623836951704
ORI	22.910435738556927
ORN	15.058305400372445
OSG	30.151711210762112
OSK	30.631575891069165
OSM	18.578812292358823
OTE	9.880060113154167
OWW	6.158385093167706
OXM	24.81935784753398
OXY	34.33321861777127
OZM	13.84306049822063
PAA	34.74800781249989
PAC	34.91255276381906
PAG	19.5819796346212
PAI	14.637585650224063
PAM	11.46710843373494
PAR	9.548694158075596
PAS	14.006767790866537
PAY	22.283349958437242
PBG	29.84528980190753
PBH	10.670676213206066
PBI	43.82337940761726
PBR	48.42141838019303
PBT	7.746156053811228
PBY	16.88399173998926
PC	101.13248500299913
PCF	6.13345342706502
PCG	19.90476284584983
PCH	33.920589390962675
PCK	13.615302713987512
PCL	26.542056056824773
PCM	12.66593048515532
PCN	14.33034296913277
PCP	49.447208151958904
PCQ	14.546708275543237
PCS	17.816144067796607
PCU	34.17459192318547
PCX	34.017040280210175
PDA	38.245759330759334
PDE	17.360349790125944
PDP	21.076334231805916
PDS	30.639083533653945
PDT	10.690695292495535
PEB	21.33658536585366
PEG	26.308366271409778
PEI	25.58552328159606
PEO	24.193760100556673
PEP	43.85510177203063
PFD	12.130129382303792
PFE	53.487349788434535
PFG	39.34766171538094
PFH	21.608936877076413
PFK	21.28320000000001
PFL	16.874109159347565
PFN	15.072248120300765
PFO	11.430156491073072
PFS	16.42586944288125
PFX	22.705609037328074
PG	78.35510571033298
PGH	17.32219512195124
PGI	11.516737142857151
PGM	30.72007481296758
PGN	39.62658170445683
PGP	21.322761824324356
PGR	59.466927477704466
PH	42.11540645161286
PHA	20.119904153354625
PHD	15.47831007751938
PHG	35.33859705776839
PHH	22.426028481012676
PHI	32.93155215311026
PHK	13.254177881802239
PHM	27.7927258064515
PHR	22.975601023017873
PHT	15.02642164369579
PHX	21.563323271130606
PHY	3.1508670520231146
PIA	7.698410098284841
PIF	12.527078064870805
PII	41.985088809946696
PIJ	19.246494413407866
PIKE	15.79158493870404
PIM	5.38425605536333
PIR	11.276554652213184
PIS	23.18177540777919
PIY	23.455621079046395
PJA	19.628829051383402
PJC	46.43156249999999
PJE	19.862955206515416
PJI	22.5853695150116
PJJ	23.027923462986177
PJL	25.69175658720195
PJR	23.03497255762903
PJS	22.959735828288373
PJT	23.923993362831812
PJZ	25.11226231386025
PKD	6.247259828554548
PKE	23.393033183856538
PKG	20.185749502982024
PKH	20.762195734002525
PKI	25.21951219512208
PKJ	22.869548306148076
PKK	23.242255528255516
PKM	22.31300889328058
PKO	20.495054347826077
PKX	47.0252817450012
PKY	34.092280461031564
PL	34.02361477045918
PLA	11.563614349775708
PLD	30.294736553238558
PLL	24.39398666092943
PLP	20.35544303797467
PLS	25.324561797752814
PLT	34.879486607142795
PLV	24.35880503144653
PM	46.67697286012527
PMC	18.072578616352185
PMF	14.791479426722159
PMG	12.166045706371202
PMI	42.296075643776646
PML	13.737259916492716
PMM	9.105832531279937
PMO	12.019829576690524
PMT	18.41954887218045
PMX	13.794081967213145
PNC	43.963588507877546
PNF	13.375520110957
PNH	23.578732394366188
PNI	13.849728601252613
PNK	16.652164658634522
PNM	17.954836550435477
PNR	35.195187924830094
PNU	22.971295572916663
PNW	27.442048136645806
PNX	11.526755760368665
PNY	25.181841207113493
POH	25.30558774373261
POL	7.254061838204148
POM	23.171833161688596
POR	23.811209850107076
POT	66.02164767046597
PPC	23.051543408360136
PPD	25.468874083944
PPG	47.81109222583507
PPL	34.46511572226657
PPM	13.447522002200227
PPO	15.021812500000019
PPR	6.786046563192883
PPS	31.793524472168823
PQ	5.479447271045341
PRA	39.872127659574495
PRD	15.136396396396387
PRE	48.87798192035179
PRF	50.31996153846147
PRM	7.407268170426088
PRO	10.125874999999983
PRS	8.548338278931746
PRU	56.59789165446555
PRX	16.285541389836517
PSA	32.64135931046876
PSB	35.64854936569214
PSE	18.51633707865167
PSO	13.264755067567569
PSS	35.920239193083546
PSW	17.800048691418155
PSY	18.03810404624278
PT	17.952854821235103
PTC	8.100565091610441
PTI	16.4844179389313
PTP	31.289437158469966
PTR	73.67196605960278
PTV	21.47594259115589
PTY	15.350591848129575
PUK	20.34788469514723
PVA	39.14941716566863
PVD	23.373554966887422
PVG	22.546290726817052
PVH	20.737228767364204
PVR	30.02842231842231
PVX	9.033496503496515
PWE	26.762077067669207
PWR	19.606737541528293
PX	46.9919369369369
PXD	30.181525963682738
PXP	33.26310863509751
PYA	19.59947169811322
PYB	21.321675639300118
PYC	21.132211170619716
PYE	23.10970112079695
PYG	21.297341115434477
PYI	22.101103633916594
PYJ	22.40692837465565
PYK	22.816779310344845
PYL	17.921433962264178
PYM	6.71
PYN	13.441754098360647
PYO	23.15634060520764
PYS	16.049962476547844
PYT	19.68497491039429
PYV	22.024934687953575
PYY	17.93763602251408
PZB	18.385607675906215
PZC	13.566426229508194
PZE	11.285439014700042
PZN	8.389375
QRR	11.267384615384612
QTM	5.179393939393956
QXM	5.539426934097418
RA	13.184320987654322
RAD	17.451442778216244
RAH	31.880999498998076
RAI	56.85671652954386
RAS	17.48401909150758
RAX	12.017804232804238
RBA	36.26762207357861
RBC	26.285020089285716
RBN	26.35529540918147
RBS	9.707710843373494
RBV	24.301364059590313
RC	8.771391554702468
RCC	15.306085814360774
RCI	22.543656525447823
RCL	31.29265451101112
RCS	10.024780098955478
RDC	17.65058675731607
RDK	19.301618274978658
RDN	41.12740391254306
RDY	19.1551940433213
RE	64.05042900636573
REG	34.02346304454235
REP	25.57169410413474
RES	11.646546058704146
REV	12.153767123287633
RF	31.38784031936163
RFI	13.686202914489948
RGA	40.39853107344633
RGC	18.741024590163946
RGR	14.448331998398098
RGS	24.346668815817747
RHB	20.47231262011532
RHI	30.156003568242664
RHT	22.834553030303017
RIG	51.58400142653385
RISK	17.358346303501936
RIT	15.740696937697992
RJF	24.08250225835597
RKT	19.440722651383023
RL	40.391654608367446
RLF	16.836937732342047
RLH	7.538898989898978
RLI	33.449903139013536
RMD	38.92030146659417
RMT	10.084412706229967
RNE	22.73878201310309
RNP	21.96857828434313
RNR	49.073994535519404
ROB	17.54153605015674
ROC	24.512395740905106
ROG	35.20814593036148
ROK	29.858853754940714
ROL	21.118889686097823
ROP	40.943318623124576
ROS	22.492279584311127
RPF	16.995727019498638
RPM	15.877134292565962
RPT	20.702738266628337
RQI	16.15884557721143
RRC	17.65055052264823
RRD	32.19016451612904
RRI	12.565669541534259
RRR	10.476330409356724
RS	34.35619379844963
RSC	13.278499376225145
RSG	25.681448181194227
RSH	35.884974612130144
RSO	9.646160714285722
RST	23.08116504854368
RSX	34.34932471264369
RT	20.655333733013535
RTI	19.624956731736955
RTN	52.59219777119473
RTP	103.32425527555849
RTU	16.65957180500659
RUK	36.30191869497678
RVI	10.686012348307449
RVT	13.764963228699363
RWF	16.233376835236562
RWT	31.11905167674546
RX	24.70587671232882
RXI	47.592752941176485
RY	44.0763600782779
RYJ	16.319732334047107
RYL	31.6319662416951
RYN	41.977272501243654
RZ	9.141043921069391
SAB	16.85774521976654
SAF	15.330215439856355
SAH	18.399736156351807
SAI	18.88194477791117
SAM	20.56552911534154
SAN	30.204630769230796
SAP	41.60808091286306
SAY	19.09288452761295
SB	9.231779859484776
SBG	5.916007905138338
SBH	7.740530864197524
SBP	18.054241134751756
SBR	19.276978792235916
SBS	24.112457670600303
SBW	13.38855104281016
SBX	10.676984126984122
SCD	15.691724598930456
SCG	34.38161793722019
SCI	16.53818661971824
SCL	28.24123503325881
SCR	10.82350777934936
SCS	14.18595610242769
SCU	26.47446808510638
SCX	22.64384215246627
SD	22.515334507042233
SE	22.222919334186958
SEE	39.22880875493373
SEH	16.173085560296464
SEL	10.286995457495125
SEM	9.944516129032257
SEP	24.03778124999998
SF	17.371732735426683
SFD	25.193877021361626
SFE	18.997508119812323
SFG	49.983495038588764
SFI	21.62897555791732
SFL	20.258818565400833
SFN	16.189399056369503
SFY	21.740555793074027
SGA	15.978581772783889
SGF	10.013473577235771
SGK	10.865459165154242
SGL	10.171343612334777
SGU	13.860123560797485
SGY	33.90464242716114
SGZ	21.638902291917994
SHAW	25.742055131676036
SHG	73.76667701863343
SHI	28.10977414704464
SHO	19.704212893553226
SHS	15.316171583587673
SHV	109.98269677419353
SHW	34.46618387096786
SI	81.53282268870029
SID	28.218167330677275
SIG	28.269154141908405
SII	31.48071766095759
SJI	24.649080459770207
SJM	43.43904721753785
SJR	22.035373287671298
SJT	15.243001602278316
SJW	53.068490022173506
SKH	11.800956521739135
SKM	19.611546331482003
SKS	16.719985490423703
SKT	27.21686741252075
SKX	16.71883625512872
SKY	20.958735356386676
SLA	10.63219932104754
SLB	59.982885347624574
SLE	27.01839178356714
SLF	30.408397901533533
SLG	50.31181238034458
SLH	25.528114035087714
SLM	57.22107681263494
SLS	11.758343108504395
SLT	15.066436090225565
SLW	10.546076058772693
SM	26.79173076923085
SMA	15.65222393822395
SMG	36.87764718853376
SMI	6.421077441077438
SMP	13.292829408592437
SMS	21.17751565762002
SNA	32.62785483870951
SNE	48.453016553355155
SNF	11.92120285231748
SNH	16.674850179784233
SNI	33.1144019138756
SNN	50.51139453124999
SNP	53.42516695205474
SNS	15.722780110497318
SNV	21.112311040759806
SNX	20.541210762331886
SNY	37.39429989550673
SO	20.936519407198325
SOA	10.29217741935484
SOL	8.930466926070036
SON	27.14451239008796
SOR	50.08891659192921
SPA	7.009464187074345
SPC	10.535098039215686
SPF	16.977462740168896
SPG	46.920447504302956
SPH	28.93995726495701
SPN	20.848092195344563
SPP	15.63715294948783
SPR	23.855186567164214
SPW	47.08299354838704
SQM	53.64202898550731
SR	18.436143712574868
SRE	36.151265432098704
SRI	11.835119586296061
SRT	19.930170347003163
SRV	11.845628058727543
SRX	31.0570221535291
SRZ	28.577574171029646
SSD	34.96279442148753
SSI	24.94909001475654
SSL	19.685850081477316
SSP	43.29713373253499
SSS	31.68239467246524
SSW	20.25403353927626
STC	25.51693490415305
STD	29.431706748026084
STE	26.376817160826665
STI	49.904085114024035
STJ	43.182759638080334
STK	20.4669387755102
STL	15.294212719695599
STM	40.033618248557914
STN	27.70305726872248
STO	19.320903441682635
STP	31.491800766283596
STR	33.94132698868741
STRI	15.242380952380955
STT	49.770230523304754
STU	85.25929597035662
STV	13.383169491525399
STWD	19.860725806451615
STX	18.001382565241528
STZ	33.80332963620268
SU	39.581297522688175
SUG	18.941036343437577
SUI	30.535885531809992
SUN	43.493013880685304
SUP	28.085669899069874
SUR	14.411293436293416
SVJ	25.03298993028661
SVM	8.540682196339432
SVN	13.045094339622645
SVR	15.75949085123307
SVU	24.37124838709672
SWC	17.21307227332453
SWI	19.641923076923085
SWK	34.78762741935488
SWM	25.668889200561065
SWN	23.633194968553607
SWS	18.39529590948652
SWX	19.165259472077512
SWY	31.06173250451208
SWZ	15.22825008983098
SXC	10.292115384615352
SXE	26.653293269230815
SXI	23.289236324246186
SXL	42.5345210918113
SXT	25.27271975552762
SY	25.240920232208083
SYA	13.045833333333334
SYK	45.1857274202268
SYT	26.73400086318518
SYX	13.360941496598656
SYY	32.58215617305656
TAC	19.13450467289724
TAI	23.248565022420568
TAL	20.38112662942272
TAM	21.394442190669377
TAP	38.99233624454159
TAR	19.999927409261552
TBH	41.03056284530395
TBI	14.920438953488398
TBL	37.97183846971309
TC	12.09107142857143
TCB	29.350065535851897
TCH	23.81411421911425
TCI	10.673445177851098
TCK	40.631694169416924
TCL	14.07985714285717
TCM	6.283871409028718
TCO	20.612743648960684
TD	39.28537322274895
TDA	24.005879174852687
TDC	23.226666666666652
TDF	14.157750929367953
TDG	36.84491434689513
TDI	21.5306907894737
TDS	54.374912508101296
TDW	31.36132698868742
TDY	29.07580594679185
TE	25.05209098039211
TEF	49.89364751226364
TEG	35.14887293610922
TEI	11.330986805937377
TEL	27.410209267563523
TEN	32.36930042313173
TEO	20.616197220036725
TER	24.000202457172538
TEX	25.47568772491009
TFC	7.806425409047258
TFX	43.75337664681488
TG	20.944607008513195
TGH	14.122419080068132
TGI	39.291098769138415
TGP	27.995471226021703
TGS	5.859746537758018
TGT	53.20602333136452
TGX	8.700344429033745
THC	20.40595426312833
THG	41.99229936128865
THI	29.80888205128204
THO	26.166330044842763
THS	27.714913941480226
TI	26.407415307402747
TIE	24.257604772991826
TIF	39.87910217274196
TII	12.961527446300707
TIN	44.186308098591574
TIP	102.95388030888037
TJX	23.44491915199423
TK	35.21172442019111
TKC	15.906831683168358
TKF	9.769615765498079
TKR	27.21611129032257
TKS	20.860886373344687
TLB	28.285881343466503
TLH	106.92468387096778
TLI	12.72749111584937
TLK	20.759552697791534
TLM	30.463606716176887
TLP	27.510768581081074
TM	67.7213134892513
TMH	14.4925
TMK	40.25748249236837
TMM	5.100316885468542
TMO	34.227606157112525
TMR	6.151144001780561
TMS	23.84905058365755
TMX	40.47781872088135
TNB	37.95420322580656
TNC	36.64995132743372
TNE	16.39158268275373
TNH	32.407223331115645
TNK	13.903302583025814
TNL	26.977246119733856
TNP	31.11629759519044
TNS	19.184286675639314
TOD	9.833568584871555
TOL	22.206538116592267
TOO	21.276830808080817
TOT	61.775826822916414
TPC	14.5068865611768
TPL	50.77333271444441
TPX	17.46050485436896
TPZ	19.754552238805974
TR	42.021931838564946
TRA	9.728721013200127
TRC	27.703659955257194
TREX	26.631701580301364
TRF	31.469679646506446
TRH	63.74062942724159
TRI	34.18587714731913
TRK	28.070401595744702
TRN	29.16872688094814
TRP	14.618545978045669
TRR	11.690621131741825
TRS	6.7504239766081895
TRU	7.39155598243688
TRV	45.234384990745475
TRW	22.221518151815182
TS	50.580394883203496
TSI	4.236551724137931
TSL	34.99929024081116
TSM	15.552575757575715
TSN	18.67813225643605
TSO	17.547317758391287
TSP	19.606792051100054
TSS	23.287265807962445
TSU	22.170053229240576
TTC	34.452470820614195
TTF	11.314459898844014
TTI	18.083049049049116
TTM	13.727529585798823
TTO	10.395355263157896
TU	28.88774828767127
TUC	8.332039024390255
TUP	25.050738274464244
TV	37.18424070883585
TVC	24.886325957147807
TVE	24.66540861812772
TVL	13.984638802889576
TW	33.33375962360987
TWC	31.796301546391767
TWI	14.566366230677804
TWN	15.43319714781269
TWX	42.37842280390431
TX	26.43396245059289
TXI	34.57788826025481
TXN	57.937357798165095
TXT	49.1565473948525
TY	13.568247117942645
TYC	42.214130941704205
TYG	29.519144385026717
TYL	7.023008833603736
TYN	21.228977695167277
TYW	12.509230769230781
TYY	23.467069256756748
TZF	25.497582673497817
TZK	17.914611041405287
UA	36.790226201696534
UAM	7.552970786516866
UBA	13.199916897506919
UBP	11.213746844572714
UBS	64.73612168874189
UDR	14.863673510065873
UFI	15.69115907274177
UFS	13.584457994579978
UGI	26.156008614501193
UGP	18.424635557269557
UHS	40.79896537922799
UHT	18.73269320007141
UIL	31.80979656819396
UIS	26.157556008146802
UL	46.97597451543399
UMC	4.682681374628764
UN	86.2637983624978
UNF	25.405970926058785
UNH	56.30567378718341
UNM	33.104373388344655
UNP	62.87418246445529
UNS	21.3811190514859
UNT	18.044824671821623
UPL	38.38012741652013
UPS	65.99151420786306
URI	20.46514932720714
URS	19.730475493782063
USA	9.477284390591414
USB	33.1957982893796
USG	24.95590742101385
USM	43.64547333333336
UST	71.49
USU	9.086912220309834
UTA	4.001331802525833
UTF	19.9814374568072
UTI	24.618045307443424
UTL	24.52042128603121
UTR	38.8576258371141
UTX	57.07934301521497
UVV	32.18994969457423
UZG	25.84805862831861
UZV	23.84120762711864
V	68.81555555555559
VAL	34.19804710064442
VALE	33.00954682779449
VAR	43.864558849955166
VBF	17.636513292433573
VCI	24.631710672287575
VCO	36.29152748962665
VCV	14.591186071816887
VE	42.46739151168335
VFC	44.14252460074218
VG	2.871456102783724
VGM	13.41755860238834
VGR	12.837178121115487
VHI	11.589583054252532
VIA	34.108192197906746
VIM	13.66734146341464
VIP	38.64455966336046
VIT	10.56565377532228
VIV	12.852728885734567
VKQ	12.839602793539932
VLO	25.138811238175947
VLT	7.106061597690074
VLY	23.202033011272164
VM	4.168666666666664
VMC	62.97077351040973
VMI	30.606215568862215
VMO	13.360033723021575
VMW	47.90546325878599
VNO	62.028652189519526
VNOD	24.499411764705886
VNR	14.645937500000006
VNV	22.042359693877525
VOD	46.74884651512314
VOL	23.386008519701846
VOQ	16.13181104080286
VPV	13.87906421514801
VQ	13.554320987654334
VR	24.104669811320765
VRS	2.6782185273159143
VRX	17.413803622497404
VSH	22.02340990667617
VSI	20.99928571428572
VTA	12.189453125
VTJ	15.865100671140832
VTN	13.98009680324173
VTR	22.40665834633389
VVC	24.77935805991426
VVI	29.201525668835817
VVR	7.445363262508555
VZ	56.65644585601939
WAB	22.36186008676795
WAG	37.55512246213382
WAL	21.20842105263156
WAT	49.18479708928071
WBC	32.11402515723272
WBD	43.33529499999999
WBK	43.07657909986486
WBS	32.16031415929189
WCC	25.239710789766363
WCG	43.62927053824363
WCN	30.695013623978294
WCO	25.38592178770948
WDC	15.612945523285783
WDR	25.154577629382295
WEA	13.972696969696964
WEC	25.85498351389545
WEN	16.852351765489676
WES	16.142471655328777
WF	42.54943750000001
WFC	38.788542059008336
WFR	22.887199017198924
WFT	35.112175502742176
WG	15.359332151300245
WGL	29.40132620882922
WGO	16.293654359780096
WH	5.652029250457037
WHG	25.07399164054334
WHI	14.823335951819772
WHR	54.992865001486784
WHX	15.5067857142857
WIA	12.40466292134829
WIN	12.27206677265501
WIT	23.180239828693814
WIW	12.028175133689869
WL	36.61136917849278
WLK	25.480368763557447
WLL	44.78697570332477
WLP	71.49506243996153
WLT	25.360642023346056
WM	27.52801516793103
WMB	24.990828861903555
WMG	13.10169874476987
WMK	30.543101402373352
WMS	11.629343680709534
WMT	39.88926349206362
WMZ	18.259054054054054
WNC	18.555935526029185
WNI	5.380792511700458
WNR	20.544916748286006
WNS	18.387104377104365
WOR	18.488235528942226
WPC	25.075616936817685
WPI	35.6306791569087
WPK	22.831530249110347
WPO	491.4801527171779
WPP	19.75803917649413
WPS	35.24186708860766
WPZ	32.10489342806396
WR	19.848971004243257
WRB	35.839282595134264
WRC	26.975073696145124
WRD	21.19290598290598
WRE	22.09930268709757
WRI	36.23418341708513
WRS	23.7025
WSF	25.189530590717276
WSH	32.724066237350435
WSM	28.955269461077837
WSO	29.713115646258544
WST	27.75331119885092
WTI	26.721431962025335
WTM	216.64438064947987
WTR	17.92624349075232
WTS	27.905003992015928
WTU	11.359631787462137
WTW	41.639767779390546
WU	20.310947867298573
WW	33.17450929528741
WWE	14.066849420849431
WWW	18.248744274206064
WWY	54.36092631578994
WX	16.665575079872177
WXS	26.844325618515565
WY	35.767693505871414
WYN	22.293616071428552
XAA	13.422373765093372
XCJ	25.219706457925625
XCO	16.173618290258446
XEC	37.306192373363686
XEL	31.682097299056398
XFB	24.681978465679705
XFD	22.279146800501906
XFH	23.88096612296114
XFJ	24.44907151819323
XFL	25.740138017565904
XFP	20.42549560853203
XFR	24.208806896551692
XIN	6.205230202578267
XJT	7.7565882352941165
XKE	8.034471896232255
XKK	9.144309912170643
XKN	17.724567126725226
XKO	10.411817731550277
XL	57.125958948043674
XOM	62.617120134360455
XRM	6.256829268292681
XRX	49.06196935232885
XTO	27.48834528933528
XVF	19.21490390215492
XVG	23.784650067294756
YGE	15.97698365527488
YPF	33.03593070489849
YSI	14.120734848484856
YUM	40.61453495830671
YZC	33.109506466984364
ZAP	11.207132887898966
ZEP	16.05397548161121
ZF	6.58321114106022
ZLC	25.963297974927716
ZMH	61.70079662605441
ZNH	17.500465430016924
ZNT	25.71968766925443
ZQK	17.905243902438965
ZTR	7.388408084696868
ZZ	9.236293995859223
